#
# There is insufficient memory for the Java Runtime Environment to continue.
# Native memory allocation (malloc) failed to allocate 87031808 bytes for committing reserved memory.
# Possible reasons:
#   The system is out of physical RAM or swap space
#   In 32 bit mode, the process size limit was hit
# Possible solutions:
#   Reduce memory load on the system
#   Increase physical memory or swap space
#   Check if swap backing store is full
#   Use 64 bit Java on a 64 bit OS
#   Decrease Java heap size (-Xmx/-Xms)
#   Decrease number of Java threads
#   Decrease Java thread stack sizes (-Xss)
#   Set larger code cache with -XX:ReservedCodeCacheSize=
# This output file may be truncated or incomplete.
#
#  Out of Memory Error (os_linux.cpp:2756), pid=27465, tid=139732343564032
#
# JRE version: Java(TM) SE Runtime Environment (7.0_80-b15) (build 1.7.0_80-b15)
# Java VM: Java HotSpot(TM) 64-Bit Server VM (24.80-b11 mixed mode linux-amd64 compressed oops)
# Failed to write core dump. Core dumps have been disabled. To enable core dumping, try "ulimit -c unlimited" before starting Java again
#

---------------  T H R E A D  ---------------

Current thread (0x00007f160406a000):  VMThread [stack: 0x00007f15f8a3a000,0x00007f15f8b3b000] [id=27474]

Stack: [0x00007f15f8a3a000,0x00007f15f8b3b000],  sp=0x00007f15f8b39090,  free space=1020k
Native frames: (J=compiled Java code, j=interpreted, Vv=VM code, C=native code)
V  [libjvm.so+0x9a320a]  VMError::report_and_die()+0x2ea
V  [libjvm.so+0x498d3b]  report_vm_out_of_memory(char const*, int, unsigned long, char const*)+0x9b
V  [libjvm.so+0x82191e]  os::Linux::commit_memory_impl(char*, unsigned long, bool)+0xfe
V  [libjvm.so+0x821e69]  os::pd_commit_memory(char*, unsigned long, unsigned long, bool)+0x29
V  [libjvm.so+0x81bb6a]  os::commit_memory(char*, unsigned long, unsigned long, bool)+0x2a
V  [libjvm.so+0x88d623]  PSVirtualSpace::expand_by(unsigned long)+0x53
V  [libjvm.so+0x88e9f8]  PSYoungGen::resize_generation(unsigned long, unsigned long)+0xf8
V  [libjvm.so+0x88db62]  PSYoungGen::resize(unsigned long, unsigned long)+0x22
V  [libjvm.so+0x88af1d]  PSScavenge::invoke_no_policy()+0xf3d
V  [libjvm.so+0x88b761]  PSScavenge::invoke()+0x41
V  [libjvm.so+0x843f40]  ParallelScavengeHeap::failed_mem_allocate(unsigned long)+0x70
V  [libjvm.so+0x9a4a97]  VM_ParallelGCFailedAllocation::doit()+0x97
V  [libjvm.so+0x9abf35]  VM_Operation::evaluate()+0x55
V  [libjvm.so+0x9aa2fa]  VMThread::evaluate_operation(VM_Operation*)+0xba
V  [libjvm.so+0x9aa67e]  VMThread::loop()+0x1ce
V  [libjvm.so+0x9aaaf0]  VMThread::run()+0x70
V  [libjvm.so+0x8238c8]  java_start(Thread*)+0x108

VM_Operation (0x00007f15f37d1e50): ParallelGCFailedAllocation, mode: safepoint, requested by thread 0x00007f160417d800


---------------  P R O C E S S  ---------------

Java Threads: ( => current thread )
  0x00007f1604189800 JavaThread "pool-2-thread-4" [_thread_blocked, id=27486, stack(0x00007f15f32cf000,0x00007f15f33d0000)]
  0x00007f1604185000 JavaThread "pool-2-thread-3" [_thread_blocked, id=27485, stack(0x00007f15f33d0000,0x00007f15f34d1000)]
  0x00007f1604184000 JavaThread "pool-2-thread-2" [_thread_blocked, id=27484, stack(0x00007f15f34d1000,0x00007f15f35d2000)]
  0x00007f1604182800 JavaThread "pool-3-thread-1" [_thread_blocked, id=27483, stack(0x00007f15f35d2000,0x00007f15f36d3000)]
  0x00007f160417d800 JavaThread "pool-2-thread-1" [_thread_blocked, id=27482, stack(0x00007f15f36d3000,0x00007f15f37d4000)]
  0x00007f1604099000 JavaThread "Service Thread" daemon [_thread_blocked, id=27480, stack(0x00007f15f3cfd000,0x00007f15f3dfe000)]
  0x00007f1604096800 JavaThread "C2 CompilerThread1" daemon [_thread_blocked, id=27479, stack(0x00007f15f3dfe000,0x00007f15f3eff000)]
  0x00007f1604093800 JavaThread "C2 CompilerThread0" daemon [_thread_blocked, id=27478, stack(0x00007f15f3eff000,0x00007f15f4000000)]
  0x00007f1604091800 JavaThread "Signal Dispatcher" daemon [_thread_blocked, id=27477, stack(0x00007f15f8054000,0x00007f15f8155000)]
  0x00007f1604070800 JavaThread "Finalizer" daemon [_thread_blocked, id=27476, stack(0x00007f15f8838000,0x00007f15f8939000)]
  0x00007f160406e000 JavaThread "Reference Handler" daemon [_thread_blocked, id=27475, stack(0x00007f15f8939000,0x00007f15f8a3a000)]
  0x00007f160400a000 JavaThread "main" [_thread_blocked, id=27469, stack(0x00007f160a7e2000,0x00007f160a8e3000)]

Other Threads:
=>0x00007f160406a000 VMThread [stack: 0x00007f15f8a3a000,0x00007f15f8b3b000] [id=27474]
  0x00007f16040a3800 WatcherThread [stack: 0x00007f15f3bfc000,0x00007f15f3cfd000] [id=27481]

VM state:at safepoint (normal execution)

VM Mutex/Monitor currently owned by a thread:  ([mutex/lock_event])
[0x00007f1604006580] Threads_lock - owner thread: 0x00007f160406a000
[0x00007f1604006a80] Heap_lock - owner thread: 0x00007f160417d800

Heap
 PSYoungGen      total 66048K, used 2551K [0x00000000eaa80000, 0x00000000eed80000, 0x0000000100000000)
  eden space 63488K, 0% used [0x00000000eaa80000,0x00000000eaa80000,0x00000000ee880000)
  from space 2560K, 99% used [0x00000000ee880000,0x00000000eeafdda0,0x00000000eeb00000)
  to   space 2560K, 0% used [0x00000000eeb00000,0x00000000eeb00000,0x00000000eed80000)
 ParOldGen       total 40960K, used 26342K [0x00000000c0000000, 0x00000000c2800000, 0x00000000eaa80000)
  object space 40960K, 64% used [0x00000000c0000000,0x00000000c19b99d8,0x00000000c2800000)
 PSPermGen       total 21504K, used 5830K [0x00000000bae00000, 0x00000000bc300000, 0x00000000c0000000)
  object space 21504K, 27% used [0x00000000bae00000,0x00000000bb3b1848,0x00000000bc300000)

Card table byte_map: [0x00007f16007a5000,0x00007f16009cf000] byte_map_base: 0x00007f16001ce000

Polling page: 0x00007f160a908000

Code Cache  [0x00007f16009cf000, 0x00007f1600c3f000, 0x00007f16039cf000)
 total_blobs=509 nmethods=278 adapters=183 free_code_cache=47863Kb largest_free_block=48950528

Compilation events (10 events):
Event: 3.116 Thread 0x00007f1604093800 nmethod 274 0x00007f1600afcc10 code [0x00007f1600afce00, 0x00007f1600afd868]
Event: 3.116 Thread 0x00007f1604093800  275             com.android.dx.rop.code.RegisterSpec::make (7 bytes)
Event: 3.117 Thread 0x00007f1604093800 nmethod 275 0x00007f1600adb210 code [0x00007f1600adb360, 0x00007f1600adb3c8]
Event: 3.117 Thread 0x00007f1604093800  276             com.android.dx.ssa.SsaMethod::forEachBlockDepthFirstDom (128 bytes)
Event: 3.809 Thread 0x00007f1604093800 nmethod 276 0x00007f1600b05cd0 code [0x00007f1600b06560, 0x00007f1600b0c140]
Event: 3.809 Thread 0x00007f1604093800  278             com.android.dx.util.BitIntSet$1::hasNext (13 bytes)
Event: 3.810 Thread 0x00007f1604093800 nmethod 278 0x00007f1600ad0fd0 code [0x00007f1600ad1100, 0x00007f1600ad1158]
Event: 3.810 Thread 0x00007f1604093800  279             com.android.dx.rop.code.CstInsn::getConstant (5 bytes)
Event: 3.810 Thread 0x00007f1604093800 nmethod 279 0x00007f1600adb010 code [0x00007f1600adb140, 0x00007f1600adb198]
Event: 3.810 Thread 0x00007f1604093800  280             com.android.dx.util.LabeledList::set (45 bytes)

GC Heap History (9 events):
Event: 0.512 GC heap before
{Heap before GC invocations=1 (full 0):
 PSYoungGen      total 18432K, used 15872K [0x00000000eaa80000, 0x00000000ebf00000, 0x0000000100000000)
  eden space 15872K, 100% used [0x00000000eaa80000,0x00000000eba00000,0x00000000eba00000)
  from space 2560K, 0% used [0x00000000ebc80000,0x00000000ebc80000,0x00000000ebf00000)
  to   space 2560K, 0% used [0x00000000eba00000,0x00000000eba00000,0x00000000ebc80000)
 ParOldGen       total 40960K, used 0K [0x00000000c0000000, 0x00000000c2800000, 0x00000000eaa80000)
  object space 40960K, 0% used [0x00000000c0000000,0x00000000c0000000,0x00000000c2800000)
 PSPermGen       total 21504K, used 5474K [0x00000000bae00000, 0x00000000bc300000, 0x00000000c0000000)
  object space 21504K, 25% used [0x00000000bae00000,0x00000000bb358850,0x00000000bc300000)
Event: 0.519 GC heap after
Heap after GC invocations=1 (full 0):
 PSYoungGen      total 18432K, used 2554K [0x00000000eaa80000, 0x00000000ece80000, 0x0000000100000000)
  eden space 15872K, 0% used [0x00000000eaa80000,0x00000000eaa80000,0x00000000eba00000)
  from space 2560K, 99% used [0x00000000eba00000,0x00000000ebc7eba0,0x00000000ebc80000)
  to   space 2560K, 0% used [0x00000000ecc00000,0x00000000ecc00000,0x00000000ece80000)
 ParOldGen       total 40960K, used 2366K [0x00000000c0000000, 0x00000000c2800000, 0x00000000eaa80000)
  object space 40960K, 5% used [0x00000000c0000000,0x00000000c024f9f0,0x00000000c2800000)
 PSPermGen       total 21504K, used 5474K [0x00000000bae00000, 0x00000000bc300000, 0x00000000c0000000)
  object space 21504K, 25% used [0x00000000bae00000,0x00000000bb358850,0x00000000bc300000)
}
Event: 0.935 GC heap before
{Heap before GC invocations=2 (full 0):
 PSYoungGen      total 18432K, used 18426K [0x00000000eaa80000, 0x00000000ece80000, 0x0000000100000000)
  eden space 15872K, 100% used [0x00000000eaa80000,0x00000000eba00000,0x00000000eba00000)
  from space 2560K, 99% used [0x00000000eba00000,0x00000000ebc7eba0,0x00000000ebc80000)
  to   space 2560K, 0% used [0x00000000ecc00000,0x00000000ecc00000,0x00000000ece80000)
 ParOldGen       total 40960K, used 2366K [0x00000000c0000000, 0x00000000c2800000, 0x00000000eaa80000)
  object space 40960K, 5% used [0x00000000c0000000,0x00000000c024f9f0,0x00000000c2800000)
 PSPermGen       total 21504K, used 5666K [0x00000000bae00000, 0x00000000bc300000, 0x00000000c0000000)
  object space 21504K, 26% used [0x00000000bae00000,0x00000000bb388b68,0x00000000bc300000)
Event: 0.943 GC heap after
Heap after GC invocations=2 (full 0):
 PSYoungGen      total 34304K, used 2531K [0x00000000eaa80000, 0x00000000ece80000, 0x0000000100000000)
  eden space 31744K, 0% used [0x00000000eaa80000,0x00000000eaa80000,0x00000000ec980000)
  from space 2560K, 98% used [0x00000000ecc00000,0x00000000ece78f50,0x00000000ece80000)
  to   space 2560K, 0% used [0x00000000ec980000,0x00000000ec980000,0x00000000ecc00000)
 ParOldGen       total 40960K, used 4957K [0x00000000c0000000, 0x00000000c2800000, 0x00000000eaa80000)
  object space 40960K, 12% used [0x00000000c0000000,0x00000000c04d7678,0x00000000c2800000)
 PSPermGen       total 21504K, used 5666K [0x00000000bae00000, 0x00000000bc300000, 0x00000000c0000000)
  object space 21504K, 26% used [0x00000000bae00000,0x00000000bb388b68,0x00000000bc300000)
}
Event: 1.718 GC heap before
{Heap before GC invocations=3 (full 0):
 PSYoungGen      total 34304K, used 34275K [0x00000000eaa80000, 0x00000000ece80000, 0x0000000100000000)
  eden space 31744K, 100% used [0x00000000eaa80000,0x00000000ec980000,0x00000000ec980000)
  from space 2560K, 98% used [0x00000000ecc00000,0x00000000ece78f50,0x00000000ece80000)
  to   space 2560K, 0% used [0x00000000ec980000,0x00000000ec980000,0x00000000ecc00000)
 ParOldGen       total 40960K, used 4957K [0x00000000c0000000, 0x00000000c2800000, 0x00000000eaa80000)
  object space 40960K, 12% used [0x00000000c0000000,0x00000000c04d7678,0x00000000c2800000)
 PSPermGen       total 21504K, used 5747K [0x00000000bae00000, 0x00000000bc300000, 0x00000000c0000000)
  object space 21504K, 26% used [0x00000000bae00000,0x00000000bb39cd60,0x00000000bc300000)
Event: 1.737 GC heap after
Heap after GC invocations=3 (full 0):
 PSYoungGen      total 34304K, used 2550K [0x00000000eaa80000, 0x00000000eed80000, 0x0000000100000000)
  eden space 31744K, 0% used [0x00000000eaa80000,0x00000000eaa80000,0x00000000ec980000)
  from space 2560K, 99% used [0x00000000ec980000,0x00000000ecbfda28,0x00000000ecc00000)
  to   space 2560K, 0% used [0x00000000eeb00000,0x00000000eeb00000,0x00000000eed80000)
 ParOldGen       total 40960K, used 11495K [0x00000000c0000000, 0x00000000c2800000, 0x00000000eaa80000)
  object space 40960K, 28% used [0x00000000c0000000,0x00000000c0b39c88,0x00000000c2800000)
 PSPermGen       total 21504K, used 5747K [0x00000000bae00000, 0x00000000bc300000, 0x00000000c0000000)
  object space 21504K, 26% used [0x00000000bae00000,0x00000000bb39cd60,0x00000000bc300000)
}
Event: 2.457 GC heap before
{Heap before GC invocations=4 (full 0):
 PSYoungGen      total 34304K, used 34294K [0x00000000eaa80000, 0x00000000eed80000, 0x0000000100000000)
  eden space 31744K, 100% used [0x00000000eaa80000,0x00000000ec980000,0x00000000ec980000)
  from space 2560K, 99% used [0x00000000ec980000,0x00000000ecbfda28,0x00000000ecc00000)
  to   space 2560K, 0% used [0x00000000eeb00000,0x00000000eeb00000,0x00000000eed80000)
 ParOldGen       total 40960K, used 11495K [0x00000000c0000000, 0x00000000c2800000, 0x00000000eaa80000)
  object space 40960K, 28% used [0x00000000c0000000,0x00000000c0b39c88,0x00000000c2800000)
 PSPermGen       total 21504K, used 5785K [0x00000000bae00000, 0x00000000bc300000, 0x00000000c0000000)
  object space 21504K, 26% used [0x00000000bae00000,0x00000000bb3a65f0,0x00000000bc300000)
Event: 2.476 GC heap after
Heap after GC invocations=4 (full 0):
 PSYoungGen      total 66048K, used 2535K [0x00000000eaa80000, 0x00000000eed80000, 0x0000000100000000)
  eden space 63488K, 0% used [0x00000000eaa80000,0x00000000eaa80000,0x00000000ee880000)
  from space 2560K, 99% used [0x00000000eeb00000,0x00000000eed79ca8,0x00000000eed80000)
  to   space 2560K, 0% used [0x00000000ee880000,0x00000000ee880000,0x00000000eeb00000)
 ParOldGen       total 40960K, used 16199K [0x00000000c0000000, 0x00000000c2800000, 0x00000000eaa80000)
  object space 40960K, 39% used [0x00000000c0000000,0x00000000c0fd1ec0,0x00000000c2800000)
 PSPermGen       total 21504K, used 5785K [0x00000000bae00000, 0x00000000bc300000, 0x00000000c0000000)
  object space 21504K, 26% used [0x00000000bae00000,0x00000000bb3a65f0,0x00000000bc300000)
}
Event: 3.815 GC heap before
{Heap before GC invocations=5 (full 0):
 PSYoungGen      total 66048K, used 66023K [0x00000000eaa80000, 0x00000000eed80000, 0x0000000100000000)
  eden space 63488K, 100% used [0x00000000eaa80000,0x00000000ee880000,0x00000000ee880000)
  from space 2560K, 99% used [0x00000000eeb00000,0x00000000eed79ca8,0x00000000eed80000)
  to   space 2560K, 0% used [0x00000000ee880000,0x00000000ee880000,0x00000000eeb00000)
 ParOldGen       total 40960K, used 16199K [0x00000000c0000000, 0x00000000c2800000, 0x00000000eaa80000)
  object space 40960K, 39% used [0x00000000c0000000,0x00000000c0fd1ec0,0x00000000c2800000)
 PSPermGen       total 21504K, used 5830K [0x00000000bae00000, 0x00000000bc300000, 0x00000000c0000000)
  object space 21504K, 27% used [0x00000000bae00000,0x00000000bb3b1848,0x00000000bc300000)

Deoptimization events (10 events):
Event: 0.819 Thread 0x00007f1604189800 Uncommon trap: reason=unstable_if action=reinterpret pc=0x00007f1600a5f0a0 method=com.android.dx.rop.code.RegisterSpec.equals(ILcom/android/dx/rop/type/TypeBearer;Lcom/android/dx/rop/code/LocalItem;)Z @ 42
Event: 0.821 Thread 0x00007f1604184000 Uncommon trap: reason=unstable_if action=reinterpret pc=0x00007f1600a4be44 method=com.android.dx.rop.cst.Constant.compareTo(Lcom/android/dx/rop/cst/Constant;)I @ 12
Event: 0.844 Thread 0x00007f1604184000 Uncommon trap: reason=unstable_if action=reinterpret pc=0x00007f1600a4e218 method=com.android.dx.ssa.SsaRenamer$BlockRenamer.addMapping(ILcom/android/dx/rop/code/RegisterSpec;)V @ 120
Event: 1.591 Thread 0x00007f160400a000 Uncommon trap: reason=null_check action=make_not_entrant pc=0x00007f1600a968bc method=com.android.dx.rop.type.Type.putIntern(Lcom/android/dx/rop/type/Type;)Lcom/android/dx/rop/type/Type; @ 18
Event: 1.970 Thread 0x00007f160400a000 Uncommon trap: reason=null_check action=make_not_entrant pc=0x00007f1600a9ef6c method=com.android.dx.ssa.SsaRenamer.getLocalForNewReg(I)Lcom/android/dx/rop/code/LocalItem; @ 19
Event: 2.818 Thread 0x00007f160417d800 Uncommon trap: reason=unstable_if action=reinterpret pc=0x00007f1600aa90a0 method=com.android.dx.rop.code.RegisterSpecSet.localItemToSpec(Lcom/android/dx/rop/code/LocalItem;)Lcom/android/dx/rop/code/RegisterSpec; @ 35
Event: 2.850 Thread 0x00007f160417d800 Uncommon trap: reason=unstable_if action=reinterpret pc=0x00007f1600ab227c method=com.android.dx.rop.code.RegisterSpecSet.localItemToSpec(Lcom/android/dx/rop/code/LocalItem;)Lcom/android/dx/rop/code/RegisterSpec; @ 35
Event: 2.880 Thread 0x00007f160417d800 Uncommon trap: reason=unstable_if action=reinterpret pc=0x00007f1600aeb578 method=com.android.dx.rop.code.RegisterSpecSet.localItemToSpec(Lcom/android/dx/rop/code/LocalItem;)Lcom/android/dx/rop/code/RegisterSpec; @ 35
Event: 3.292 Thread 0x00007f1604184000 Uncommon trap: reason=unstable_if action=reinterpret pc=0x00007f1600a87fc8 method=com.android.dx.cf.code.LocalVariableList$Item.matchesPcAndIndex(II)Z @ 13
Event: 3.293 Thread 0x00007f1604184000 Uncommon trap: reason=unstable_if action=reinterpret pc=0x00007f1600a8835c method=com.android.dx.cf.code.LocalVariableList$Item.matchesPcAndIndex(II)Z @ 13

Internal exceptions (10 events):
Event: 0.407 Thread 0x00007f1604185000 Threw 0x00000000eb6001e8 at /HUDSON/workspace/7u-2-build-linux-amd64/jdk7u80/2329/hotspot/src/share/vm/prims/jvm.cpp:1319
Event: 0.634 Thread 0x00007f1604189800 Threw 0x00000000eaeb62a0 at /HUDSON/workspace/7u-2-build-linux-amd64/jdk7u80/2329/hotspot/src/share/vm/prims/jvm.cpp:1319
Event: 0.714 Thread 0x00007f160417d800 Threw 0x00000000eb0bac98 at /HUDSON/workspace/7u-2-build-linux-amd64/jdk7u80/2329/hotspot/src/share/vm/prims/jvm.cpp:1319
Event: 0.766 Thread 0x00007f160400a000 Threw 0x00000000eb2f5850 at /HUDSON/workspace/7u-2-build-linux-amd64/jdk7u80/2329/hotspot/src/share/vm/prims/jvm.cpp:1319
Event: 1.214 Thread 0x00007f160400a000 Threw 0x00000000eb6b2940 at /HUDSON/workspace/7u-2-build-linux-amd64/jdk7u80/2329/hotspot/src/share/vm/prims/jvm.cpp:1319
Event: 1.591 Thread 0x00007f160400a000 Implicit null exception at 0x00007f1600a961f7 to 0x00007f1600a968ad
Event: 1.931 Thread 0x00007f160400a000 Threw 0x00000000eb1d89b8 at /HUDSON/workspace/7u-2-build-linux-amd64/jdk7u80/2329/hotspot/src/share/vm/prims/jvm.cpp:1319
Event: 1.970 Thread 0x00007f160400a000 Implicit null exception at 0x00007f1600a9cac8 to 0x00007f1600a9ef4d
Event: 2.311 Thread 0x00007f160417d800 Threw 0x00000000ec0e6460 at /HUDSON/workspace/7u-2-build-linux-amd64/jdk7u80/2329/hotspot/src/share/vm/prims/jvm.cpp:1319
Event: 2.822 Thread 0x00007f160400a000 Threw 0x00000000eba024a0 at /HUDSON/workspace/7u-2-build-linux-amd64/jdk7u80/2329/hotspot/src/share/vm/prims/jvm.cpp:1319

Events (10 events):
Event: 2.880 Thread 0x00007f160417d800 Uncommon trap: trap_request=0xffffff75 fr.pc=0x00007f1600aeb578
Event: 2.880 Thread 0x00007f160417d800 DEOPT PACKING pc=0x00007f1600aeb578 sp=0x00007f15f37d2080
Event: 2.880 Thread 0x00007f160417d800 DEOPT UNPACKING pc=0x00007f1600a08445 sp=0x00007f15f37d1ff8 mode 2
Event: 3.292 Thread 0x00007f1604184000 Uncommon trap: trap_request=0xffffff75 fr.pc=0x00007f1600a87fc8
Event: 3.292 Thread 0x00007f1604184000 DEOPT PACKING pc=0x00007f1600a87fc8 sp=0x00007f15f35cfce0
Event: 3.292 Thread 0x00007f1604184000 DEOPT UNPACKING pc=0x00007f1600a08445 sp=0x00007f15f35cfc40 mode 2
Event: 3.293 Thread 0x00007f1604184000 Uncommon trap: trap_request=0xffffff75 fr.pc=0x00007f1600a8835c
Event: 3.293 Thread 0x00007f1604184000 DEOPT PACKING pc=0x00007f1600a8835c sp=0x00007f15f35cfc80
Event: 3.293 Thread 0x00007f1604184000 DEOPT UNPACKING pc=0x00007f1600a08445 sp=0x00007f15f35cfc40 mode 2
Event: 3.813 Executing VM operation: ParallelGCFailedAllocation


Dynamic libraries:
00400000-00401000 r-xp 00000000 08:03 510920                             /usr/lib/jvm/java-7-oracle/bin/java
00600000-00601000 rw-p 00000000 08:03 510920                             /usr/lib/jvm/java-7-oracle/bin/java
0137e000-0139f000 rw-p 00000000 00:00 0                                  [heap]
bae00000-bc300000 rw-p 00000000 00:00 0 
bc300000-c0000000 rw-p 00000000 00:00 0 
c0000000-c2800000 rw-p 00000000 00:00 0 
c2800000-eaa80000 rw-p 00000000 00:00 0 
eaa80000-eed80000 rw-p 00000000 00:00 0 
f4080000-100000000 rw-p 00000000 00:00 0 
7f15b4000000-7f15b403c000 rw-p 00000000 00:00 0 
7f15b403c000-7f15b8000000 ---p 00000000 00:00 0 
7f15b8000000-7f15b802c000 rw-p 00000000 00:00 0 
7f15b802c000-7f15bc000000 ---p 00000000 00:00 0 
7f15bc000000-7f15bc021000 rw-p 00000000 00:00 0 
7f15bc021000-7f15c0000000 ---p 00000000 00:00 0 
7f15c0000000-7f15c0023000 rw-p 00000000 00:00 0 
7f15c0023000-7f15c4000000 ---p 00000000 00:00 0 
7f15c4000000-7f15c4021000 rw-p 00000000 00:00 0 
7f15c4021000-7f15c8000000 ---p 00000000 00:00 0 
7f15c8000000-7f15c8026000 rw-p 00000000 00:00 0 
7f15c8026000-7f15cc000000 ---p 00000000 00:00 0 
7f15cc000000-7f15cd36c000 rw-p 00000000 00:00 0 
7f15cd36c000-7f15d0000000 ---p 00000000 00:00 0 
7f15d0000000-7f15d0021000 rw-p 00000000 00:00 0 
7f15d0021000-7f15d4000000 ---p 00000000 00:00 0 
7f15d4000000-7f15d4021000 rw-p 00000000 00:00 0 
7f15d4021000-7f15d8000000 ---p 00000000 00:00 0 
7f15d8000000-7f15d960e000 rw-p 00000000 00:00 0 
7f15d960e000-7f15dc000000 ---p 00000000 00:00 0 
7f15dc000000-7f15dc021000 rw-p 00000000 00:00 0 
7f15dc021000-7f15e0000000 ---p 00000000 00:00 0 
7f15e0000000-7f15e0021000 rw-p 00000000 00:00 0 
7f15e0021000-7f15e4000000 ---p 00000000 00:00 0 
7f15e4000000-7f15e4021000 rw-p 00000000 00:00 0 
7f15e4021000-7f15e8000000 ---p 00000000 00:00 0 
7f15e8000000-7f15e824f000 rw-p 00000000 00:00 0 
7f15e824f000-7f15ec000000 ---p 00000000 00:00 0 
7f15ec000000-7f15ec021000 rw-p 00000000 00:00 0 
7f15ec021000-7f15f0000000 ---p 00000000 00:00 0 
7f15f32cf000-7f15f32d2000 ---p 00000000 00:00 0 
7f15f32d2000-7f15f33d0000 rw-p 00000000 00:00 0 
7f15f33d0000-7f15f33d3000 ---p 00000000 00:00 0 
7f15f33d3000-7f15f34d1000 rw-p 00000000 00:00 0 
7f15f34d1000-7f15f34d4000 ---p 00000000 00:00 0 
7f15f34d4000-7f15f35d2000 rw-p 00000000 00:00 0 
7f15f35d2000-7f15f35d5000 ---p 00000000 00:00 0 
7f15f35d5000-7f15f36d3000 rw-p 00000000 00:00 0 
7f15f36d3000-7f15f36d6000 ---p 00000000 00:00 0 
7f15f36d6000-7f15f37d4000 rw-p 00000000 00:00 0 
7f15f37d4000-7f15f37eb000 r-xp 00000000 08:03 592988                     /usr/lib/jvm/java-7-oracle/jre/lib/amd64/libnet.so
7f15f37eb000-7f15f39ea000 ---p 00017000 08:03 592988                     /usr/lib/jvm/java-7-oracle/jre/lib/amd64/libnet.so
7f15f39ea000-7f15f39eb000 rw-p 00016000 08:03 592988                     /usr/lib/jvm/java-7-oracle/jre/lib/amd64/libnet.so
7f15f39eb000-7f15f39fb000 r-xp 00000000 08:03 592976                     /usr/lib/jvm/java-7-oracle/jre/lib/amd64/libnio.so
7f15f39fb000-7f15f3bfb000 ---p 00010000 08:03 592976                     /usr/lib/jvm/java-7-oracle/jre/lib/amd64/libnio.so
7f15f3bfb000-7f15f3bfc000 rw-p 00010000 08:03 592976                     /usr/lib/jvm/java-7-oracle/jre/lib/amd64/libnio.so
7f15f3bfc000-7f15f3bfd000 ---p 00000000 00:00 0 
7f15f3bfd000-7f15f3cfd000 rw-p 00000000 00:00 0 
7f15f3cfd000-7f15f3d00000 ---p 00000000 00:00 0 
7f15f3d00000-7f15f3dfe000 rw-p 00000000 00:00 0 
7f15f3dfe000-7f15f3e01000 ---p 00000000 00:00 0 
7f15f3e01000-7f15f3eff000 rw-p 00000000 00:00 0 
7f15f3eff000-7f15f3f02000 ---p 00000000 00:00 0 
7f15f3f02000-7f15f4000000 rw-p 00000000 00:00 0 
7f15f4000000-7f15f4021000 rw-p 00000000 00:00 0 
7f15f4021000-7f15f8000000 ---p 00000000 00:00 0 
7f15f8023000-7f15f8054000 rw-p 00000000 00:00 0 
7f15f8054000-7f15f8057000 ---p 00000000 00:00 0 
7f15f8057000-7f15f8155000 rw-p 00000000 00:00 0 
7f15f8155000-7f15f8838000 r--p 00000000 08:03 267859                     /usr/lib/locale/locale-archive
7f15f8838000-7f15f883b000 ---p 00000000 00:00 0 
7f15f883b000-7f15f8939000 rw-p 00000000 00:00 0 
7f15f8939000-7f15f893c000 ---p 00000000 00:00 0 
7f15f893c000-7f15f8a3a000 rw-p 00000000 00:00 0 
7f15f8a3a000-7f15f8a3b000 ---p 00000000 00:00 0 
7f15f8a3b000-7f15f9b3a000 rw-p 00000000 00:00 0 
7f15f9b3a000-7f15f9cfa000 r--s 039fb000 08:03 510683                     /usr/lib/jvm/java-7-oracle/jre/lib/rt.jar
7f15f9cfa000-7f15fc000000 rw-p 00000000 00:00 0 
7f15fc000000-7f15fc021000 rw-p 00000000 00:00 0 
7f15fc021000-7f1600000000 ---p 00000000 00:00 0 
7f1600022000-7f160024b000 rw-p 00000000 00:00 0 
7f160024b000-7f160024c000 ---p 00000000 00:00 0 
7f160024c000-7f160034c000 rw-p 00000000 00:00 0 
7f160034c000-7f160034d000 ---p 00000000 00:00 0 
7f160034d000-7f160044d000 rw-p 00000000 00:00 0 
7f160044d000-7f160044e000 ---p 00000000 00:00 0 
7f160044e000-7f160054e000 rw-p 00000000 00:00 0 
7f160054e000-7f160054f000 ---p 00000000 00:00 0 
7f160054f000-7f1600663000 rw-p 00000000 00:00 0 
7f1600663000-7f16007a5000 rw-p 00000000 00:00 0 
7f16007a5000-7f16007b0000 rw-p 00000000 00:00 0 
7f16007b0000-7f16007ce000 rw-p 00000000 00:00 0 
7f16007ce000-7f16007e2000 rw-p 00000000 00:00 0 
7f16007e2000-7f1600923000 rw-p 00000000 00:00 0 
7f1600923000-7f1600945000 rw-p 00000000 00:00 0 
7f1600945000-7f16009ce000 rw-p 00000000 00:00 0 
7f16009ce000-7f16009cf000 rw-p 00000000 00:00 0 
7f16009cf000-7f1600c3f000 rwxp 00000000 00:00 0 
7f1600c3f000-7f16039cf000 rw-p 00000000 00:00 0 
7f16039cf000-7f16039e6000 r-xp 00000000 08:03 592973                     /usr/lib/jvm/java-7-oracle/jre/lib/amd64/libzip.so
7f16039e6000-7f1603be6000 ---p 00017000 08:03 592973                     /usr/lib/jvm/java-7-oracle/jre/lib/amd64/libzip.so
7f1603be6000-7f1603be7000 rw-p 00017000 08:03 592973                     /usr/lib/jvm/java-7-oracle/jre/lib/amd64/libzip.so
7f1603be7000-7f1603bf3000 r-xp 00000000 08:03 483808                     /lib/x86_64-linux-gnu/libnss_files-2.15.so
7f1603bf3000-7f1603df2000 ---p 0000c000 08:03 483808                     /lib/x86_64-linux-gnu/libnss_files-2.15.so
7f1603df2000-7f1603df3000 r--p 0000b000 08:03 483808                     /lib/x86_64-linux-gnu/libnss_files-2.15.so
7f1603df3000-7f1603df4000 rw-p 0000c000 08:03 483808                     /lib/x86_64-linux-gnu/libnss_files-2.15.so
7f1603df4000-7f1603dfe000 r-xp 00000000 08:03 483787                     /lib/x86_64-linux-gnu/libnss_nis-2.15.so
7f1603dfe000-7f1603ffe000 ---p 0000a000 08:03 483787                     /lib/x86_64-linux-gnu/libnss_nis-2.15.so
7f1603ffe000-7f1603fff000 r--p 0000a000 08:03 483787                     /lib/x86_64-linux-gnu/libnss_nis-2.15.so
7f1603fff000-7f1604000000 rw-p 0000b000 08:03 483787                     /lib/x86_64-linux-gnu/libnss_nis-2.15.so
7f1604000000-7f16041ad000 rw-p 00000000 00:00 0 
7f16041ad000-7f1608000000 ---p 00000000 00:00 0 
7f160802a000-7f160806f000 r--s 00328000 08:04 5516093                    /home/laure/aaa/4A/mobile/App/app/build/intermediates/multi-dex/debug/allclasses.jar
7f160806f000-7f16080fd000 rw-p 00000000 00:00 0 
7f16080fd000-7f160811b000 rw-p 00000000 00:00 0 
7f160811b000-7f1608132000 r-xp 00000000 08:03 483825                     /lib/x86_64-linux-gnu/libnsl-2.15.so
7f1608132000-7f1608331000 ---p 00017000 08:03 483825                     /lib/x86_64-linux-gnu/libnsl-2.15.so
7f1608331000-7f1608332000 r--p 00016000 08:03 483825                     /lib/x86_64-linux-gnu/libnsl-2.15.so
7f1608332000-7f1608333000 rw-p 00017000 08:03 483825                     /lib/x86_64-linux-gnu/libnsl-2.15.so
7f1608333000-7f1608335000 rw-p 00000000 00:00 0 
7f1608335000-7f160833d000 r-xp 00000000 08:03 483827                     /lib/x86_64-linux-gnu/libnss_compat-2.15.so
7f160833d000-7f160853c000 ---p 00008000 08:03 483827                     /lib/x86_64-linux-gnu/libnss_compat-2.15.so
7f160853c000-7f160853d000 r--p 00007000 08:03 483827                     /lib/x86_64-linux-gnu/libnss_compat-2.15.so
7f160853d000-7f160853e000 rw-p 00008000 08:03 483827                     /lib/x86_64-linux-gnu/libnss_compat-2.15.so
7f160853e000-7f1608567000 r-xp 00000000 08:03 592989                     /usr/lib/jvm/java-7-oracle/jre/lib/amd64/libjava.so
7f1608567000-7f1608767000 ---p 00029000 08:03 592989                     /usr/lib/jvm/java-7-oracle/jre/lib/amd64/libjava.so
7f1608767000-7f1608769000 rw-p 00029000 08:03 592989                     /usr/lib/jvm/java-7-oracle/jre/lib/amd64/libjava.so
7f1608769000-7f1608776000 r-xp 00000000 08:03 592960                     /usr/lib/jvm/java-7-oracle/jre/lib/amd64/libverify.so
7f1608776000-7f1608975000 ---p 0000d000 08:03 592960                     /usr/lib/jvm/java-7-oracle/jre/lib/amd64/libverify.so
7f1608975000-7f1608977000 rw-p 0000c000 08:03 592960                     /usr/lib/jvm/java-7-oracle/jre/lib/amd64/libverify.so
7f1608977000-7f160897e000 r-xp 00000000 08:03 483810                     /lib/x86_64-linux-gnu/librt-2.15.so
7f160897e000-7f1608b7d000 ---p 00007000 08:03 483810                     /lib/x86_64-linux-gnu/librt-2.15.so
7f1608b7d000-7f1608b7e000 r--p 00006000 08:03 483810                     /lib/x86_64-linux-gnu/librt-2.15.so
7f1608b7e000-7f1608b7f000 rw-p 00007000 08:03 483810                     /lib/x86_64-linux-gnu/librt-2.15.so
7f1608b7f000-7f1608c7a000 r-xp 00000000 08:03 483802                     /lib/x86_64-linux-gnu/libm-2.15.so
7f1608c7a000-7f1608e79000 ---p 000fb000 08:03 483802                     /lib/x86_64-linux-gnu/libm-2.15.so
7f1608e79000-7f1608e7a000 r--p 000fa000 08:03 483802                     /lib/x86_64-linux-gnu/libm-2.15.so
7f1608e7a000-7f1608e7b000 rw-p 000fb000 08:03 483802                     /lib/x86_64-linux-gnu/libm-2.15.so
7f1608e7b000-7f16099f1000 r-xp 00000000 08:03 592980                     /usr/lib/jvm/java-7-oracle/jre/lib/amd64/server/libjvm.so
7f16099f1000-7f1609bf0000 ---p 00b76000 08:03 592980                     /usr/lib/jvm/java-7-oracle/jre/lib/amd64/server/libjvm.so
7f1609bf0000-7f1609cb4000 rw-p 00b75000 08:03 592980                     /usr/lib/jvm/java-7-oracle/jre/lib/amd64/server/libjvm.so
7f1609cb4000-7f1609cf5000 rw-p 00000000 00:00 0 
7f1609cf5000-7f1609ea9000 r-xp 00000000 08:03 483823                     /lib/x86_64-linux-gnu/libc-2.15.so
7f1609ea9000-7f160a0a8000 ---p 001b4000 08:03 483823                     /lib/x86_64-linux-gnu/libc-2.15.so
7f160a0a8000-7f160a0ac000 r--p 001b3000 08:03 483823                     /lib/x86_64-linux-gnu/libc-2.15.so
7f160a0ac000-7f160a0ae000 rw-p 001b7000 08:03 483823                     /lib/x86_64-linux-gnu/libc-2.15.so
7f160a0ae000-7f160a0b3000 rw-p 00000000 00:00 0 
7f160a0b3000-7f160a0b5000 r-xp 00000000 08:03 483829                     /lib/x86_64-linux-gnu/libdl-2.15.so
7f160a0b5000-7f160a2b5000 ---p 00002000 08:03 483829                     /lib/x86_64-linux-gnu/libdl-2.15.so
7f160a2b5000-7f160a2b6000 r--p 00002000 08:03 483829                     /lib/x86_64-linux-gnu/libdl-2.15.so
7f160a2b6000-7f160a2b7000 rw-p 00003000 08:03 483829                     /lib/x86_64-linux-gnu/libdl-2.15.so
7f160a2b7000-7f160a2cc000 r-xp 00000000 08:03 626246                     /usr/lib/jvm/java-7-oracle/lib/amd64/jli/libjli.so
7f160a2cc000-7f160a4cb000 ---p 00015000 08:03 626246                     /usr/lib/jvm/java-7-oracle/lib/amd64/jli/libjli.so
7f160a4cb000-7f160a4cc000 rw-p 00014000 08:03 626246                     /usr/lib/jvm/java-7-oracle/lib/amd64/jli/libjli.so
7f160a4cc000-7f160a4e4000 r-xp 00000000 08:03 483806                     /lib/x86_64-linux-gnu/libpthread-2.15.so
7f160a4e4000-7f160a6e3000 ---p 00018000 08:03 483806                     /lib/x86_64-linux-gnu/libpthread-2.15.so
7f160a6e3000-7f160a6e4000 r--p 00017000 08:03 483806                     /lib/x86_64-linux-gnu/libpthread-2.15.so
7f160a6e4000-7f160a6e5000 rw-p 00018000 08:03 483806                     /lib/x86_64-linux-gnu/libpthread-2.15.so
7f160a6e5000-7f160a6e9000 rw-p 00000000 00:00 0 
7f160a6e9000-7f160a70b000 r-xp 00000000 08:03 483809                     /lib/x86_64-linux-gnu/ld-2.15.so
7f160a713000-7f160a722000 r--s 000df000 08:04 5398665                    /home/laure/aaa/4A/mobile/android-studio+sdk/Android/Sdk/build-tools/23.0.1/lib/dx.jar
7f160a722000-7f160a72c000 rw-p 00000000 00:00 0 
7f160a72c000-7f160a7e2000 rw-p 00000000 00:00 0 
7f160a7e2000-7f160a7e5000 ---p 00000000 00:00 0 
7f160a7e5000-7f160a8e7000 rw-p 00000000 00:00 0 
7f160a8e8000-7f160a8ff000 rw-p 00000000 00:00 0 
7f160a8ff000-7f160a907000 rw-s 00000000 08:03 145070                     /tmp/hsperfdata_laure/27465
7f160a907000-7f160a908000 rw-p 00000000 00:00 0 
7f160a908000-7f160a909000 ---p 00000000 00:00 0 
7f160a909000-7f160a90b000 rw-p 00000000 00:00 0 
7f160a90b000-7f160a90c000 r--p 00022000 08:03 483809                     /lib/x86_64-linux-gnu/ld-2.15.so
7f160a90c000-7f160a90e000 rw-p 00023000 08:03 483809                     /lib/x86_64-linux-gnu/ld-2.15.so
7ffc0c55d000-7ffc0c57e000 rw-p 00000000 00:00 0                          [stack]
7ffc0c5ad000-7ffc0c5ae000 r-xp 00000000 00:00 0                          [vdso]
ffffffffff600000-ffffffffff601000 r-xp 00000000 00:00 0                  [vsyscall]

VM Arguments:
jvm_args: -Xmx1024M -Dfile.encoding=UTF-8 -Duser.country=US -Duser.language=en -Duser.variant 
java_command: com.android.dx.command.Main --dex --num-threads=4 --multi-dex --main-dex-list /home/laure/aaa/4A/mobile/App/app/build/intermediates/multi-dex/debug/maindexlist.txt --output /home/laure/aaa/4A/mobile/App/app/build/intermediates/dex/debug /home/laure/aaa/4A/mobile/App/app/build/intermediates/multi-dex/debug/allclasses.jar
Launcher Type: SUN_STANDARD

Environment Variables:
PATH=/opt/android-sdk-update-manager/tools:/home/laure/bin:/home/laure/bin:/usr/lib/lightdm/lightdm:/usr/local/sbin:/usr/local/bin:/usr/sbin:/usr/bin:/sbin:/bin:/usr/games
LD_LIBRARY_PATH=./aaa/libs/android-studio/bin:
SHELL=/bin/zsh
DISPLAY=:0

Signal Handlers:
SIGSEGV: [libjvm.so+0x9a3b20], sa_mask[0]=0x7ffbfeff, sa_flags=0x10000004
SIGBUS: [libjvm.so+0x9a3b20], sa_mask[0]=0x7ffbfeff, sa_flags=0x10000004
SIGFPE: [libjvm.so+0x81e740], sa_mask[0]=0x7ffbfeff, sa_flags=0x10000004
SIGPIPE: [libjvm.so+0x81e740], sa_mask[0]=0x7ffbfeff, sa_flags=0x10000004
SIGXFSZ: [libjvm.so+0x81e740], sa_mask[0]=0x7ffbfeff, sa_flags=0x10000004
SIGILL: [libjvm.so+0x81e740], sa_mask[0]=0x7ffbfeff, sa_flags=0x10000004
SIGUSR1: SIG_DFL, sa_mask[0]=0x00000000, sa_flags=0x00000000
SIGUSR2: [libjvm.so+0x81ffb0], sa_mask[0]=0x00000004, sa_flags=0x10000004
SIGHUP: [libjvm.so+0x8210d0], sa_mask[0]=0x7ffbfeff, sa_flags=0x10000004
SIGINT: [libjvm.so+0x8210d0], sa_mask[0]=0x7ffbfeff, sa_flags=0x10000004
SIGTERM: [libjvm.so+0x8210d0], sa_mask[0]=0x7ffbfeff, sa_flags=0x10000004
SIGQUIT: [libjvm.so+0x8210d0], sa_mask[0]=0x7ffbfeff, sa_flags=0x10000004


---------------  S Y S T E M  ---------------

OS:wheezy/sid

uname:Linux 3.2.0-94-generic #134-Ubuntu SMP Fri Nov 6 18:16:45 UTC 2015 x86_64
libc:glibc 2.15 NPTL 2.15 
rlimit: STACK 8192k, CORE 0k, NPROC 30653, NOFILE 4096, AS infinity
load average:3.08 2.09 1.44

/proc/meminfo:
MemTotal:        3941220 kB
MemFree:           85888 kB
Buffers:             904 kB
Cached:            63084 kB
SwapCached:            0 kB
Active:          3617936 kB
Inactive:          51324 kB
Active(anon):    3604716 kB
Inactive(anon):    39104 kB
Active(file):      13220 kB
Inactive(file):    12220 kB
Unevictable:           0 kB
Mlocked:               0 kB
SwapTotal:             0 kB
SwapFree:              0 kB
Dirty:               596 kB
Writeback:             0 kB
AnonPages:       3603976 kB
Mapped:            53548 kB
Shmem:             39896 kB
Slab:              61656 kB
SReclaimable:      25468 kB
SUnreclaim:        36188 kB
KernelStack:        5544 kB
PageTables:        46976 kB
NFS_Unstable:          0 kB
Bounce:                0 kB
WritebackTmp:          0 kB
CommitLimit:     1970608 kB
Committed_AS:    6984828 kB
VmallocTotal:   34359738367 kB
VmallocUsed:      358852 kB
VmallocChunk:   34359376348 kB
HardwareCorrupted:     0 kB
AnonHugePages:         0 kB
HugePages_Total:       0
HugePages_Free:        0
HugePages_Rsvd:        0
HugePages_Surp:        0
Hugepagesize:       2048 kB
DirectMap4k:       59964 kB
DirectMap2M:     4028416 kB


CPU:total 4 (2 cores per cpu, 2 threads per core) family 6 model 58 stepping 9, cmov, cx8, fxsr, mmx, sse, sse2, sse3, ssse3, sse4.1, sse4.2, popcnt, avx, aes, erms, ht, tsc, tscinvbit, tscinv

/proc/cpuinfo:
processor	: 0
vendor_id	: GenuineIntel
cpu family	: 6
model		: 58
model name	: Intel(R) Core(TM) i5-3337U CPU @ 1.80GHz
stepping	: 9
microcode	: 0x15
cpu MHz		: 1801.000
cache size	: 3072 KB
physical id	: 0
siblings	: 4
core id		: 0
cpu cores	: 2
apicid		: 0
initial apicid	: 0
fpu		: yes
fpu_exception	: yes
cpuid level	: 13
wp		: yes
flags		: fpu vme de pse tsc msr pae mce cx8 apic sep mtrr pge mca cmov pat pse36 clflush dts acpi mmx fxsr sse sse2 ss ht tm pbe syscall nx rdtscp lm constant_tsc arch_perfmon pebs bts rep_good nopl xtopology nonstop_tsc aperfmperf pni pclmulqdq dtes64 monitor ds_cpl vmx est tm2 ssse3 cx16 xtpr pdcm pcid sse4_1 sse4_2 x2apic popcnt tsc_deadline_timer aes xsave avx f16c rdrand lahf_lm ida arat epb xsaveopt pln pts dtherm tpr_shadow vnmi flexpriority ept vpid fsgsbase smep erms
bogomips	: 3592.12
clflush size	: 64
cache_alignment	: 64
address sizes	: 36 bits physical, 48 bits virtual
power management:

processor	: 1
vendor_id	: GenuineIntel
cpu family	: 6
model		: 58
model name	: Intel(R) Core(TM) i5-3337U CPU @ 1.80GHz
stepping	: 9
microcode	: 0x15
cpu MHz		: 1801.000
cache size	: 3072 KB
physical id	: 0
siblings	: 4
core id		: 0
cpu cores	: 2
apicid		: 1
initial apicid	: 1
fpu		: yes
fpu_exception	: yes
cpuid level	: 13
wp		: yes
flags		: fpu vme de pse tsc msr pae mce cx8 apic sep mtrr pge mca cmov pat pse36 clflush dts acpi mmx fxsr sse sse2 ss ht tm pbe syscall nx rdtscp lm constant_tsc arch_perfmon pebs bts rep_good nopl xtopology nonstop_tsc aperfmperf pni pclmulqdq dtes64 monitor ds_cpl vmx est tm2 ssse3 cx16 xtpr pdcm pcid sse4_1 sse4_2 x2apic popcnt tsc_deadline_timer aes xsave avx f16c rdrand lahf_lm ida arat epb xsaveopt pln pts dtherm tpr_shadow vnmi flexpriority ept vpid fsgsbase smep erms
bogomips	: 3591.68
clflush size	: 64
cache_alignment	: 64
address sizes	: 36 bits physical, 48 bits virtual
power management:

processor	: 2
vendor_id	: GenuineIntel
cpu family	: 6
model		: 58
model name	: Intel(R) Core(TM) i5-3337U CPU @ 1.80GHz
stepping	: 9
microcode	: 0x15
cpu MHz		: 774.000
cache size	: 3072 KB
physical id	: 0
siblings	: 4
core id		: 1
cpu cores	: 2
apicid		: 2
initial apicid	: 2
fpu		: yes
fpu_exception	: yes
cpuid level	: 13
wp		: yes
flags		: fpu vme de pse tsc msr pae mce cx8 apic sep mtrr pge mca cmov pat pse36 clflush dts acpi mmx fxsr sse sse2 ss ht tm pbe syscall nx rdtscp lm constant_tsc arch_perfmon pebs bts rep_good nopl xtopology nonstop_tsc aperfmperf pni pclmulqdq dtes64 monitor ds_cpl vmx est tm2 ssse3 cx16 xtpr pdcm pcid sse4_1 sse4_2 x2apic popcnt tsc_deadline_timer aes xsave avx f16c rdrand lahf_lm ida arat epb xsaveopt pln pts dtherm tpr_shadow vnmi flexpriority ept vpid fsgsbase smep erms
bogomips	: 3591.69
clflush size	: 64
cache_alignment	: 64
address sizes	: 36 bits physical, 48 bits virtual
power management:

processor	: 3
vendor_id	: GenuineIntel
cpu family	: 6
model		: 58
model name	: Intel(R) Core(TM) i5-3337U CPU @ 1.80GHz
stepping	: 9
microcode	: 0x15
cpu MHz		: 1801.000
cache size	: 3072 KB
physical id	: 0
siblings	: 4
core id		: 1
cpu cores	: 2
apicid		: 3
initial apicid	: 3
fpu		: yes
fpu_exception	: yes
cpuid level	: 13
wp		: yes
flags		: fpu vme de pse tsc msr pae mce cx8 apic sep mtrr pge mca cmov pat pse36 clflush dts acpi mmx fxsr sse sse2 ss ht tm pbe syscall nx rdtscp lm constant_tsc arch_perfmon pebs bts rep_good nopl xtopology nonstop_tsc aperfmperf pni pclmulqdq dtes64 monitor ds_cpl vmx est tm2 ssse3 cx16 xtpr pdcm pcid sse4_1 sse4_2 x2apic popcnt tsc_deadline_timer aes xsave avx f16c rdrand lahf_lm ida arat epb xsaveopt pln pts dtherm tpr_shadow vnmi flexpriority ept vpid fsgsbase smep erms
bogomips	: 3591.68
clflush size	: 64
cache_alignment	: 64
address sizes	: 36 bits physical, 48 bits virtual
power management:



Memory: 4k page, physical 3941220k(85636k free), swap 0k(0k free)

vm_info: Java HotSpot(TM) 64-Bit Server VM (24.80-b11) for linux-amd64 JRE (1.7.0_80-b15), built on Apr 10 2015 19:53:14 by "java_re" with gcc 4.3.0 20080428 (Red Hat 4.3.0-8)

time: Mon Dec 28 00:35:10 2015
elapsed time: 3 seconds

