#
# There is insufficient memory for the Java Runtime Environment to continue.
# Native memory allocation (malloc) failed to allocate 149946368 bytes for committing reserved memory.
# Possible reasons:
#   The system is out of physical RAM or swap space
#   In 32 bit mode, the process size limit was hit
# Possible solutions:
#   Reduce memory load on the system
#   Increase physical memory or swap space
#   Check if swap backing store is full
#   Use 64 bit Java on a 64 bit OS
#   Decrease Java heap size (-Xmx/-Xms)
#   Decrease number of Java threads
#   Decrease Java thread stack sizes (-Xss)
#   Set larger code cache with -XX:ReservedCodeCacheSize=
# This output file may be truncated or incomplete.
#
#  Out of Memory Error (os_linux.cpp:2756), pid=28398, tid=140405324338944
#
# JRE version: Java(TM) SE Runtime Environment (7.0_80-b15) (build 1.7.0_80-b15)
# Java VM: Java HotSpot(TM) 64-Bit Server VM (24.80-b11 mixed mode linux-amd64 compressed oops)
# Failed to write core dump. Core dumps have been disabled. To enable core dumping, try "ulimit -c unlimited" before starting Java again
#

---------------  T H R E A D  ---------------

Current thread (0x00007fb2b006a000):  VMThread [stack: 0x00007fb2a96b5000,0x00007fb2a97b6000] [id=28408]

Stack: [0x00007fb2a96b5000,0x00007fb2a97b6000],  sp=0x00007fb2a97b4210,  free space=1020k
Native frames: (J=compiled Java code, j=interpreted, Vv=VM code, C=native code)
V  [libjvm.so+0x9a320a]  VMError::report_and_die()+0x2ea
V  [libjvm.so+0x498d3b]  report_vm_out_of_memory(char const*, int, unsigned long, char const*)+0x9b
V  [libjvm.so+0x82191e]  os::Linux::commit_memory_impl(char*, unsigned long, bool)+0xfe
V  [libjvm.so+0x821e69]  os::pd_commit_memory(char*, unsigned long, unsigned long, bool)+0x29
V  [libjvm.so+0x81bb6a]  os::commit_memory(char*, unsigned long, unsigned long, bool)+0x2a
V  [libjvm.so+0x88d623]  PSVirtualSpace::expand_by(unsigned long)+0x53
V  [libjvm.so+0x88e9f8]  PSYoungGen::resize_generation(unsigned long, unsigned long)+0xf8
V  [libjvm.so+0x88db62]  PSYoungGen::resize(unsigned long, unsigned long)+0x22
V  [libjvm.so+0x88af1d]  PSScavenge::invoke_no_policy()+0xf3d
V  [libjvm.so+0x88b761]  PSScavenge::invoke()+0x41
V  [libjvm.so+0x843f40]  ParallelScavengeHeap::failed_mem_allocate(unsigned long)+0x70
V  [libjvm.so+0x9a4a97]  VM_ParallelGCFailedAllocation::doit()+0x97
V  [libjvm.so+0x9abf35]  VM_Operation::evaluate()+0x55
V  [libjvm.so+0x9aa2fa]  VMThread::evaluate_operation(VM_Operation*)+0xba
V  [libjvm.so+0x9aa67e]  VMThread::loop()+0x1ce
V  [libjvm.so+0x9aaaf0]  VMThread::run()+0x70
V  [libjvm.so+0x8238c8]  java_start(Thread*)+0x108

VM_Operation (0x00007fb2a814a080): ParallelGCFailedAllocation, mode: safepoint, requested by thread 0x00007fb2b019d000


---------------  P R O C E S S  ---------------

Java Threads: ( => current thread )
  0x00007fb2b01a1800 JavaThread "pool-2-thread-4" [_thread_blocked, id=28420, stack(0x00007fb2a3eff000,0x00007fb2a4000000)]
  0x00007fb2b019d000 JavaThread "pool-2-thread-3" [_thread_blocked, id=28419, stack(0x00007fb2a804b000,0x00007fb2a814c000)]
  0x00007fb2b019c000 JavaThread "pool-2-thread-2" [_thread_blocked, id=28418, stack(0x00007fb2a814c000,0x00007fb2a824d000)]
  0x00007fb2b019a800 JavaThread "pool-3-thread-1" [_thread_blocked, id=28417, stack(0x00007fb2a824d000,0x00007fb2a834e000)]
  0x00007fb2b0195800 JavaThread "pool-2-thread-1" [_thread_blocked, id=28416, stack(0x00007fb2a834e000,0x00007fb2a844f000)]
  0x00007fb2b0099000 JavaThread "Service Thread" daemon [_thread_blocked, id=28414, stack(0x00007fb2a89cc000,0x00007fb2a8acd000)]
  0x00007fb2b0096800 JavaThread "C2 CompilerThread1" daemon [_thread_blocked, id=28413, stack(0x00007fb2a8acd000,0x00007fb2a8bce000)]
  0x00007fb2b0093800 JavaThread "C2 CompilerThread0" daemon [_thread_blocked, id=28412, stack(0x00007fb2a8bce000,0x00007fb2a8ccf000)]
  0x00007fb2b0091800 JavaThread "Signal Dispatcher" daemon [_thread_blocked, id=28411, stack(0x00007fb2a8ccf000,0x00007fb2a8dd0000)]
  0x00007fb2b0070800 JavaThread "Finalizer" daemon [_thread_blocked, id=28410, stack(0x00007fb2a94b3000,0x00007fb2a95b4000)]
  0x00007fb2b006e000 JavaThread "Reference Handler" daemon [_thread_blocked, id=28409, stack(0x00007fb2a95b4000,0x00007fb2a96b5000)]
  0x00007fb2b000a000 JavaThread "main" [_thread_blocked, id=28403, stack(0x00007fb2b741a000,0x00007fb2b751b000)]

Other Threads:
=>0x00007fb2b006a000 VMThread [stack: 0x00007fb2a96b5000,0x00007fb2a97b6000] [id=28408]
  0x00007fb2b00a4000 WatcherThread [stack: 0x00007fb2a88cb000,0x00007fb2a89cc000] [id=28415]

VM state:at safepoint (normal execution)

VM Mutex/Monitor currently owned by a thread:  ([mutex/lock_event])
[0x00007fb2b0006580] Threads_lock - owner thread: 0x00007fb2b006a000
[0x00007fb2b0006a80] Heap_lock - owner thread: 0x00007fb2b019d000

Heap
 PSYoungGen      total 140800K, used 14828K [0x00000000eaa80000, 0x00000000f4380000, 0x0000000100000000)
  eden space 125952K, 0% used [0x00000000eaa80000,0x00000000eaa80000,0x00000000f2580000)
  from space 14848K, 99% used [0x00000000f2580000,0x00000000f33fb308,0x00000000f3400000)
  to   space 13824K, 0% used [0x00000000f3400000,0x00000000f3400000,0x00000000f4180000)
 ParOldGen       total 45568K, used 44207K [0x00000000c0000000, 0x00000000c2c80000, 0x00000000eaa80000)
  object space 45568K, 97% used [0x00000000c0000000,0x00000000c2b2be18,0x00000000c2c80000)
 PSPermGen       total 21504K, used 5894K [0x00000000bae00000, 0x00000000bc300000, 0x00000000c0000000)
  object space 21504K, 27% used [0x00000000bae00000,0x00000000bb3c1800,0x00000000bc300000)

Card table byte_map: [0x00007fb2b44f8000,0x00007fb2b4722000] byte_map_base: 0x00007fb2b3f21000

Polling page: 0x00007fb2b7540000

Code Cache  [0x00007fb2ad000000, 0x00007fb2ad270000, 0x00007fb2b0000000)
 total_blobs=813 nmethods=583 adapters=183 free_code_cache=46846Kb largest_free_block=47918400

Compilation events (10 events):
Event: 7.449 Thread 0x00007fb2b0093800 nmethod 596 0x00007fb2ad227190 code [0x00007fb2ad2272e0, 0x00007fb2ad2273a8]
Event: 7.449 Thread 0x00007fb2b0093800  597             com.android.dx.cf.code.LocalsArray::<init> (6 bytes)
Event: 7.449 Thread 0x00007fb2b0093800 nmethod 597 0x00007fb2ad226f90 code [0x00007fb2ad2270c0, 0x00007fb2ad227118]
Event: 7.449 Thread 0x00007fb2b0093800  598   !         com.android.dx.cf.code.Ropper::doit (126 bytes)
Event: 7.537 Thread 0x00007fb2b0093800 nmethod 598 0x00007fb2ad2479d0 code [0x00007fb2ad247ee0, 0x00007fb2ad24a120]
Event: 7.537 Thread 0x00007fb2b0093800  599             com.android.dx.cf.code.Frame::setImmutable (15 bytes)
Event: 7.538 Thread 0x00007fb2b0093800 nmethod 599 0x00007fb2ad226cd0 code [0x00007fb2ad226e20, 0x00007fb2ad226eb8]
Event: 7.538 Thread 0x00007fb2b0093800  600             com.android.dx.ssa.back.FirstFitLocalCombiningAllocator::findNextUnreservedRopReg (12 bytes)
Event: 7.545 Thread 0x00007fb2b0093800 nmethod 600 0x00007fb2ad221ad0 code [0x00007fb2ad221c60, 0x00007fb2ad222018]
Event: 7.545 Thread 0x00007fb2b0093800  601 %           com.android.dx.rop.code.LocalVariableExtractor::processBlock @ 68 (327 bytes)

GC Heap History (10 events):
Event: 0.939 GC heap after
Heap after GC invocations=2 (full 0):
 PSYoungGen      total 34304K, used 2528K [0x00000000eaa80000, 0x00000000ece80000, 0x0000000100000000)
  eden space 31744K, 0% used [0x00000000eaa80000,0x00000000eaa80000,0x00000000ec980000)
  from space 2560K, 98% used [0x00000000ecc00000,0x00000000ece78370,0x00000000ece80000)
  to   space 2560K, 0% used [0x00000000ec980000,0x00000000ec980000,0x00000000ecc00000)
 ParOldGen       total 40960K, used 5335K [0x00000000c0000000, 0x00000000c2800000, 0x00000000eaa80000)
  object space 40960K, 13% used [0x00000000c0000000,0x00000000c0535eb8,0x00000000c2800000)
 PSPermGen       total 21504K, used 5667K [0x00000000bae00000, 0x00000000bc300000, 0x00000000c0000000)
  object space 21504K, 26% used [0x00000000bae00000,0x00000000bb388e90,0x00000000bc300000)
}
Event: 1.817 GC heap before
{Heap before GC invocations=3 (full 0):
 PSYoungGen      total 34304K, used 34272K [0x00000000eaa80000, 0x00000000ece80000, 0x0000000100000000)
  eden space 31744K, 100% used [0x00000000eaa80000,0x00000000ec980000,0x00000000ec980000)
  from space 2560K, 98% used [0x00000000ecc00000,0x00000000ece78370,0x00000000ece80000)
  to   space 2560K, 0% used [0x00000000ec980000,0x00000000ec980000,0x00000000ecc00000)
 ParOldGen       total 40960K, used 5335K [0x00000000c0000000, 0x00000000c2800000, 0x00000000eaa80000)
  object space 40960K, 13% used [0x00000000c0000000,0x00000000c0535eb8,0x00000000c2800000)
 PSPermGen       total 21504K, used 5734K [0x00000000bae00000, 0x00000000bc300000, 0x00000000c0000000)
  object space 21504K, 26% used [0x00000000bae00000,0x00000000bb399a50,0x00000000bc300000)
Event: 1.829 GC heap after
Heap after GC invocations=3 (full 0):
 PSYoungGen      total 34304K, used 2544K [0x00000000eaa80000, 0x00000000eed80000, 0x0000000100000000)
  eden space 31744K, 0% used [0x00000000eaa80000,0x00000000eaa80000,0x00000000ec980000)
  from space 2560K, 99% used [0x00000000ec980000,0x00000000ecbfc390,0x00000000ecc00000)
  to   space 2560K, 0% used [0x00000000eeb00000,0x00000000eeb00000,0x00000000eed80000)
 ParOldGen       total 40960K, used 10786K [0x00000000c0000000, 0x00000000c2800000, 0x00000000eaa80000)
  object space 40960K, 26% used [0x00000000c0000000,0x00000000c0a88888,0x00000000c2800000)
 PSPermGen       total 21504K, used 5734K [0x00000000bae00000, 0x00000000bc300000, 0x00000000c0000000)
  object space 21504K, 26% used [0x00000000bae00000,0x00000000bb399a50,0x00000000bc300000)
}
Event: 2.595 GC heap before
{Heap before GC invocations=4 (full 0):
 PSYoungGen      total 34304K, used 34288K [0x00000000eaa80000, 0x00000000eed80000, 0x0000000100000000)
  eden space 31744K, 100% used [0x00000000eaa80000,0x00000000ec980000,0x00000000ec980000)
  from space 2560K, 99% used [0x00000000ec980000,0x00000000ecbfc390,0x00000000ecc00000)
  to   space 2560K, 0% used [0x00000000eeb00000,0x00000000eeb00000,0x00000000eed80000)
 ParOldGen       total 40960K, used 10786K [0x00000000c0000000, 0x00000000c2800000, 0x00000000eaa80000)
  object space 40960K, 26% used [0x00000000c0000000,0x00000000c0a88888,0x00000000c2800000)
 PSPermGen       total 21504K, used 5777K [0x00000000bae00000, 0x00000000bc300000, 0x00000000c0000000)
  object space 21504K, 26% used [0x00000000bae00000,0x00000000bb3a44c8,0x00000000bc300000)
Event: 2.611 GC heap after
Heap after GC invocations=4 (full 0):
 PSYoungGen      total 66048K, used 2536K [0x00000000eaa80000, 0x00000000eed80000, 0x0000000100000000)
  eden space 63488K, 0% used [0x00000000eaa80000,0x00000000eaa80000,0x00000000ee880000)
  from space 2560K, 99% used [0x00000000eeb00000,0x00000000eed7a2f0,0x00000000eed80000)
  to   space 2560K, 0% used [0x00000000ee880000,0x00000000ee880000,0x00000000eeb00000)
 ParOldGen       total 40960K, used 16232K [0x00000000c0000000, 0x00000000c2800000, 0x00000000eaa80000)
  object space 40960K, 39% used [0x00000000c0000000,0x00000000c0fda1a0,0x00000000c2800000)
 PSPermGen       total 21504K, used 5777K [0x00000000bae00000, 0x00000000bc300000, 0x00000000c0000000)
  object space 21504K, 26% used [0x00000000bae00000,0x00000000bb3a44c8,0x00000000bc300000)
}
Event: 4.156 GC heap before
{Heap before GC invocations=5 (full 0):
 PSYoungGen      total 66048K, used 66024K [0x00000000eaa80000, 0x00000000eed80000, 0x0000000100000000)
  eden space 63488K, 100% used [0x00000000eaa80000,0x00000000ee880000,0x00000000ee880000)
  from space 2560K, 99% used [0x00000000eeb00000,0x00000000eed7a2f0,0x00000000eed80000)
  to   space 2560K, 0% used [0x00000000ee880000,0x00000000ee880000,0x00000000eeb00000)
 ParOldGen       total 40960K, used 16232K [0x00000000c0000000, 0x00000000c2800000, 0x00000000eaa80000)
  object space 40960K, 39% used [0x00000000c0000000,0x00000000c0fda1a0,0x00000000c2800000)
 PSPermGen       total 21504K, used 5825K [0x00000000bae00000, 0x00000000bc300000, 0x00000000c0000000)
  object space 21504K, 27% used [0x00000000bae00000,0x00000000bb3b04b8,0x00000000bc300000)
Event: 4.298 GC heap after
Heap after GC invocations=5 (full 0):
 PSYoungGen      total 66048K, used 2528K [0x00000000eaa80000, 0x00000000f4180000, 0x0000000100000000)
  eden space 63488K, 0% used [0x00000000eaa80000,0x00000000eaa80000,0x00000000ee880000)
  from space 2560K, 98% used [0x00000000ee880000,0x00000000eeaf8108,0x00000000eeb00000)
  to   space 13824K, 0% used [0x00000000f3400000,0x00000000f3400000,0x00000000f4180000)
 ParOldGen       total 40960K, used 27736K [0x00000000c0000000, 0x00000000c2800000, 0x00000000eaa80000)
  object space 40960K, 67% used [0x00000000c0000000,0x00000000c1b16250,0x00000000c2800000)
 PSPermGen       total 21504K, used 5825K [0x00000000bae00000, 0x00000000bc300000, 0x00000000c0000000)
  object space 21504K, 27% used [0x00000000bae00000,0x00000000bb3b04b8,0x00000000bc300000)
}
Event: 5.659 GC heap before
{Heap before GC invocations=6 (full 0):
 PSYoungGen      total 66048K, used 66016K [0x00000000eaa80000, 0x00000000f4180000, 0x0000000100000000)
  eden space 63488K, 100% used [0x00000000eaa80000,0x00000000ee880000,0x00000000ee880000)
  from space 2560K, 98% used [0x00000000ee880000,0x00000000eeaf8108,0x00000000eeb00000)
  to   space 13824K, 0% used [0x00000000f3400000,0x00000000f3400000,0x00000000f4180000)
 ParOldGen       total 40960K, used 27736K [0x00000000c0000000, 0x00000000c2800000, 0x00000000eaa80000)
  object space 40960K, 67% used [0x00000000c0000000,0x00000000c1b16250,0x00000000c2800000)
 PSPermGen       total 21504K, used 5853K [0x00000000bae00000, 0x00000000bc300000, 0x00000000c0000000)
  object space 21504K, 27% used [0x00000000bae00000,0x00000000bb3b76f8,0x00000000bc300000)
Event: 5.680 GC heap after
Heap after GC invocations=6 (full 0):
 PSYoungGen      total 139776K, used 11547K [0x00000000eaa80000, 0x00000000f4380000, 0x0000000100000000)
  eden space 125952K, 0% used [0x00000000eaa80000,0x00000000eaa80000,0x00000000f2580000)
  from space 13824K, 83% used [0x00000000f3400000,0x00000000f3f46d90,0x00000000f4180000)
  to   space 14848K, 0% used [0x00000000f2580000,0x00000000f2580000,0x00000000f3400000)
 ParOldGen       total 40960K, used 27736K [0x00000000c0000000, 0x00000000c2800000, 0x00000000eaa80000)
  object space 40960K, 67% used [0x00000000c0000000,0x00000000c1b16250,0x00000000c2800000)
 PSPermGen       total 21504K, used 5853K [0x00000000bae00000, 0x00000000bc300000, 0x00000000c0000000)
  object space 21504K, 27% used [0x00000000bae00000,0x00000000bb3b76f8,0x00000000bc300000)
}
Event: 7.573 GC heap before
{Heap before GC invocations=7 (full 0):
 PSYoungGen      total 139776K, used 137499K [0x00000000eaa80000, 0x00000000f4380000, 0x0000000100000000)
  eden space 125952K, 100% used [0x00000000eaa80000,0x00000000f2580000,0x00000000f2580000)
  from space 13824K, 83% used [0x00000000f3400000,0x00000000f3f46d90,0x00000000f4180000)
  to   space 14848K, 0% used [0x00000000f2580000,0x00000000f2580000,0x00000000f3400000)
 ParOldGen       total 40960K, used 27736K [0x00000000c0000000, 0x00000000c2800000, 0x00000000eaa80000)
  object space 40960K, 67% used [0x00000000c0000000,0x00000000c1b16250,0x00000000c2800000)
 PSPermGen       total 21504K, used 5894K [0x00000000bae00000, 0x00000000bc300000, 0x00000000c0000000)
  object space 21504K, 27% used [0x00000000bae00000,0x00000000bb3c1800,0x00000000bc300000)

Deoptimization events (10 events):
Event: 6.163 Thread 0x00007fb2b01a1800 Uncommon trap: reason=bimorphic action=maybe_recompile pc=0x00007fb2ad16604c method=com.android.dx.cf.code.BytecodeArray.parseInstruction(ILcom/android/dx/cf/code/BytecodeArray$Visitor;)I @ 1130
Event: 6.163 Thread 0x00007fb2b01a1800 Uncommon trap: reason=bimorphic action=maybe_recompile pc=0x00007fb2ad16604c method=com.android.dx.cf.code.BytecodeArray.parseInstruction(ILcom/android/dx/cf/code/BytecodeArray$Visitor;)I @ 1130
Event: 6.252 Thread 0x00007fb2b0195800 Uncommon trap: reason=unstable_if action=reinterpret pc=0x00007fb2ad1c2944 method=com.android.dx.cf.code.Ropper.isSynchronized()Z @ 12
Event: 6.277 Thread 0x00007fb2b0195800 Uncommon trap: reason=unstable_if action=reinterpret pc=0x00007fb2ad0a10b4 method=com.android.dx.util.IntList.binarysearch(I)I @ 105
Event: 6.296 Thread 0x00007fb2b019c000 Uncommon trap: reason=unstable_if action=reinterpret pc=0x00007fb2ad1225b8 method=com.android.dx.ssa.SsaBasicBlock.scheduleMovesFromPhis()V @ 63
Event: 6.337 Thread 0x00007fb2b0195800 Uncommon trap: reason=unstable_if action=reinterpret pc=0x00007fb2ad177ee4 method=com.android.dx.rop.code.BasicBlockList.preferredSuccessorOf(Lcom/android/dx/rop/code/BasicBlock;)Lcom/android/dx/rop/code/BasicBlock; @ 58
Event: 7.090 Thread 0x00007fb2b019d000 Uncommon trap: reason=class_check action=maybe_recompile pc=0x00007fb2ad105148 method=com.android.dx.ssa.SCCP.replaceConstants()V @ 127
Event: 7.119 Thread 0x00007fb2b019d000 Uncommon trap: reason=class_check action=maybe_recompile pc=0x00007fb2ad105148 method=com.android.dx.ssa.SCCP.replaceConstants()V @ 127
Event: 7.466 Thread 0x00007fb2b01a1800 Uncommon trap: reason=class_check action=maybe_recompile pc=0x00007fb2ad105148 method=com.android.dx.ssa.SCCP.replaceConstants()V @ 127
Event: 7.475 Thread 0x00007fb2b01a1800 Uncommon trap: reason=class_check action=maybe_recompile pc=0x00007fb2ad105148 method=com.android.dx.ssa.SCCP.replaceConstants()V @ 127

Internal exceptions (10 events):
Event: 0.719 Thread 0x00007fb2b0195800 Threw 0x00000000eb107608 at /HUDSON/workspace/7u-2-build-linux-amd64/jdk7u80/2329/hotspot/src/share/vm/prims/jvm.cpp:1319
Event: 0.720 Thread 0x00007fb2b000a000 Threw 0x00000000eb0e7fd0 at /HUDSON/workspace/7u-2-build-linux-amd64/jdk7u80/2329/hotspot/src/share/vm/prims/jvm.cpp:1319
Event: 0.830 Thread 0x00007fb2b019d000 Implicit null exception at 0x00007fb2ad095752 to 0x00007fb2ad095843
Event: 2.127 Thread 0x00007fb2b000a000 Implicit null exception at 0x00007fb2ad0ab3ef to 0x00007fb2ad0abaa5
Event: 2.198 Thread 0x00007fb2b000a000 Threw 0x00000000eb926680 at /HUDSON/workspace/7u-2-build-linux-amd64/jdk7u80/2329/hotspot/src/share/vm/prims/jvm.cpp:1319
Event: 2.296 Thread 0x00007fb2b000a000 Threw 0x00000000ebf6bba8 at /HUDSON/workspace/7u-2-build-linux-amd64/jdk7u80/2329/hotspot/src/share/vm/prims/jvm.cpp:1319
Event: 2.310 Thread 0x00007fb2b000a000 Threw 0x00000000ec098718 at /HUDSON/workspace/7u-2-build-linux-amd64/jdk7u80/2329/hotspot/src/share/vm/prims/jvm.cpp:1319
Event: 2.311 Thread 0x00007fb2b000a000 Implicit null exception at 0x00007fb2ad0838ff to 0x00007fb2ad084389
Event: 2.993 Thread 0x00007fb2b000a000 Threw 0x00000000eb5be4e0 at /HUDSON/workspace/7u-2-build-linux-amd64/jdk7u80/2329/hotspot/src/share/vm/prims/jvm.cpp:1319
Event: 4.490 Thread 0x00007fb2b000a000 Threw 0x00000000eb596fa0 at /HUDSON/workspace/7u-2-build-linux-amd64/jdk7u80/2329/hotspot/src/share/vm/prims/jvm.cpp:1319

Events (10 events):
Event: 7.119 Thread 0x00007fb2b019d000 Uncommon trap: trap_request=0xffffffde fr.pc=0x00007fb2ad105148
Event: 7.119 Thread 0x00007fb2b019d000 DEOPT PACKING pc=0x00007fb2ad105148 sp=0x00007fb2a814a0f0
Event: 7.119 Thread 0x00007fb2b019d000 DEOPT UNPACKING pc=0x00007fb2ad039445 sp=0x00007fb2a814a078 mode 2
Event: 7.466 Thread 0x00007fb2b01a1800 Uncommon trap: trap_request=0xffffffde fr.pc=0x00007fb2ad105148
Event: 7.466 Thread 0x00007fb2b01a1800 DEOPT PACKING pc=0x00007fb2ad105148 sp=0x00007fb2a3ffdf00
Event: 7.466 Thread 0x00007fb2b01a1800 DEOPT UNPACKING pc=0x00007fb2ad039445 sp=0x00007fb2a3ffde88 mode 2
Event: 7.475 Thread 0x00007fb2b01a1800 Uncommon trap: trap_request=0xffffffde fr.pc=0x00007fb2ad105148
Event: 7.475 Thread 0x00007fb2b01a1800 DEOPT PACKING pc=0x00007fb2ad105148 sp=0x00007fb2a3ffde70
Event: 7.475 Thread 0x00007fb2b01a1800 DEOPT UNPACKING pc=0x00007fb2ad039445 sp=0x00007fb2a3ffddf8 mode 2
Event: 7.572 Executing VM operation: ParallelGCFailedAllocation


Dynamic libraries:
00400000-00401000 r-xp 00000000 08:03 510920                             /usr/lib/jvm/java-7-oracle/bin/java
00600000-00601000 rw-p 00000000 08:03 510920                             /usr/lib/jvm/java-7-oracle/bin/java
01cb2000-01cd3000 rw-p 00000000 00:00 0                                  [heap]
bae00000-bc300000 rw-p 00000000 00:00 0 
bc300000-c0000000 rw-p 00000000 00:00 0 
c0000000-c2c80000 rw-p 00000000 00:00 0 
c2c80000-eaa80000 rw-p 00000000 00:00 0 
eaa80000-f4380000 rw-p 00000000 00:00 0 
fd280000-100000000 rw-p 00000000 00:00 0 
7fb254000000-7fb25402c000 rw-p 00000000 00:00 0 
7fb25402c000-7fb258000000 ---p 00000000 00:00 0 
7fb25c000000-7fb25c032000 rw-p 00000000 00:00 0 
7fb25c032000-7fb260000000 ---p 00000000 00:00 0 
7fb260000000-7fb26002b000 rw-p 00000000 00:00 0 
7fb26002b000-7fb264000000 ---p 00000000 00:00 0 
7fb264000000-7fb26402c000 rw-p 00000000 00:00 0 
7fb26402c000-7fb268000000 ---p 00000000 00:00 0 
7fb268000000-7fb268021000 rw-p 00000000 00:00 0 
7fb268021000-7fb26c000000 ---p 00000000 00:00 0 
7fb26c000000-7fb26c021000 rw-p 00000000 00:00 0 
7fb26c021000-7fb270000000 ---p 00000000 00:00 0 
7fb270000000-7fb270021000 rw-p 00000000 00:00 0 
7fb270021000-7fb274000000 ---p 00000000 00:00 0 
7fb274000000-7fb275bfb000 rw-p 00000000 00:00 0 
7fb275bfb000-7fb278000000 ---p 00000000 00:00 0 
7fb278000000-7fb279b0e000 rw-p 00000000 00:00 0 
7fb279b0e000-7fb27c000000 ---p 00000000 00:00 0 
7fb27c000000-7fb27c021000 rw-p 00000000 00:00 0 
7fb27c021000-7fb280000000 ---p 00000000 00:00 0 
7fb280000000-7fb280021000 rw-p 00000000 00:00 0 
7fb280021000-7fb284000000 ---p 00000000 00:00 0 
7fb284000000-7fb28424f000 rw-p 00000000 00:00 0 
7fb28424f000-7fb288000000 ---p 00000000 00:00 0 
7fb288000000-7fb288021000 rw-p 00000000 00:00 0 
7fb288021000-7fb28c000000 ---p 00000000 00:00 0 
7fb28c000000-7fb28c021000 rw-p 00000000 00:00 0 
7fb28c021000-7fb290000000 ---p 00000000 00:00 0 
7fb294000000-7fb294021000 rw-p 00000000 00:00 0 
7fb294021000-7fb298000000 ---p 00000000 00:00 0 
7fb29c000000-7fb29c021000 rw-p 00000000 00:00 0 
7fb29c021000-7fb2a0000000 ---p 00000000 00:00 0 
7fb2a3eff000-7fb2a3f02000 ---p 00000000 00:00 0 
7fb2a3f02000-7fb2a4000000 rw-p 00000000 00:00 0 
7fb2a4000000-7fb2a4021000 rw-p 00000000 00:00 0 
7fb2a4021000-7fb2a8000000 ---p 00000000 00:00 0 
7fb2a804b000-7fb2a804e000 ---p 00000000 00:00 0 
7fb2a804e000-7fb2a814c000 rw-p 00000000 00:00 0 
7fb2a814c000-7fb2a814f000 ---p 00000000 00:00 0 
7fb2a814f000-7fb2a824d000 rw-p 00000000 00:00 0 
7fb2a824d000-7fb2a8250000 ---p 00000000 00:00 0 
7fb2a8250000-7fb2a834e000 rw-p 00000000 00:00 0 
7fb2a834e000-7fb2a8351000 ---p 00000000 00:00 0 
7fb2a8351000-7fb2a844f000 rw-p 00000000 00:00 0 
7fb2a844f000-7fb2a8466000 r-xp 00000000 08:03 592988                     /usr/lib/jvm/java-7-oracle/jre/lib/amd64/libnet.so
7fb2a8466000-7fb2a8665000 ---p 00017000 08:03 592988                     /usr/lib/jvm/java-7-oracle/jre/lib/amd64/libnet.so
7fb2a8665000-7fb2a8666000 rw-p 00016000 08:03 592988                     /usr/lib/jvm/java-7-oracle/jre/lib/amd64/libnet.so
7fb2a8666000-7fb2a8676000 r-xp 00000000 08:03 592976                     /usr/lib/jvm/java-7-oracle/jre/lib/amd64/libnio.so
7fb2a8676000-7fb2a8876000 ---p 00010000 08:03 592976                     /usr/lib/jvm/java-7-oracle/jre/lib/amd64/libnio.so
7fb2a8876000-7fb2a8877000 rw-p 00010000 08:03 592976                     /usr/lib/jvm/java-7-oracle/jre/lib/amd64/libnio.so
7fb2a8877000-7fb2a88bc000 r--s 00328000 08:04 5517076                    /home/laure/aaa/4A/mobile/App/app/build/intermediates/multi-dex/debug/allclasses.jar
7fb2a88bc000-7fb2a88cb000 r--s 000df000 08:04 5398665                    /home/laure/aaa/4A/mobile/android-studio+sdk/Android/Sdk/build-tools/23.0.1/lib/dx.jar
7fb2a88cb000-7fb2a88cc000 ---p 00000000 00:00 0 
7fb2a88cc000-7fb2a89cc000 rw-p 00000000 00:00 0 
7fb2a89cc000-7fb2a89cf000 ---p 00000000 00:00 0 
7fb2a89cf000-7fb2a8acd000 rw-p 00000000 00:00 0 
7fb2a8acd000-7fb2a8ad0000 ---p 00000000 00:00 0 
7fb2a8ad0000-7fb2a8bce000 rw-p 00000000 00:00 0 
7fb2a8bce000-7fb2a8bd1000 ---p 00000000 00:00 0 
7fb2a8bd1000-7fb2a8ccf000 rw-p 00000000 00:00 0 
7fb2a8ccf000-7fb2a8cd2000 ---p 00000000 00:00 0 
7fb2a8cd2000-7fb2a8dd0000 rw-p 00000000 00:00 0 
7fb2a8dd0000-7fb2a94b3000 r--p 00000000 08:03 267859                     /usr/lib/locale/locale-archive
7fb2a94b3000-7fb2a94b6000 ---p 00000000 00:00 0 
7fb2a94b6000-7fb2a95b4000 rw-p 00000000 00:00 0 
7fb2a95b4000-7fb2a95b7000 ---p 00000000 00:00 0 
7fb2a95b7000-7fb2a96b5000 rw-p 00000000 00:00 0 
7fb2a96b5000-7fb2a96b6000 ---p 00000000 00:00 0 
7fb2a96b6000-7fb2aa7b5000 rw-p 00000000 00:00 0 
7fb2aa7b5000-7fb2aa975000 r--s 039fb000 08:03 510683                     /usr/lib/jvm/java-7-oracle/jre/lib/rt.jar
7fb2aa975000-7fb2aceff000 rw-p 00000000 00:00 0 
7fb2aceff000-7fb2acf00000 ---p 00000000 00:00 0 
7fb2acf00000-7fb2ad000000 rw-p 00000000 00:00 0 
7fb2ad000000-7fb2ad270000 rwxp 00000000 00:00 0 
7fb2ad270000-7fb2b01f3000 rw-p 00000000 00:00 0 
7fb2b01f3000-7fb2b4000000 ---p 00000000 00:00 0 
7fb2b401d000-7fb2b4076000 rw-p 00000000 00:00 0 
7fb2b4076000-7fb2b4077000 ---p 00000000 00:00 0 
7fb2b4077000-7fb2b4177000 rw-p 00000000 00:00 0 
7fb2b4177000-7fb2b4178000 ---p 00000000 00:00 0 
7fb2b4178000-7fb2b4278000 rw-p 00000000 00:00 0 
7fb2b4278000-7fb2b4279000 ---p 00000000 00:00 0 
7fb2b4279000-7fb2b4384000 rw-p 00000000 00:00 0 
7fb2b4384000-7fb2b43a2000 rw-p 00000000 00:00 0 
7fb2b43a2000-7fb2b43b9000 rw-p 00000000 00:00 0 
7fb2b43b9000-7fb2b44f8000 rw-p 00000000 00:00 0 
7fb2b44f8000-7fb2b4503000 rw-p 00000000 00:00 0 
7fb2b4503000-7fb2b4521000 rw-p 00000000 00:00 0 
7fb2b4521000-7fb2b4538000 rw-p 00000000 00:00 0 
7fb2b4538000-7fb2b4676000 rw-p 00000000 00:00 0 
7fb2b4676000-7fb2b46c3000 rw-p 00000000 00:00 0 
7fb2b46c3000-7fb2b4721000 rw-p 00000000 00:00 0 
7fb2b4721000-7fb2b4722000 rw-p 00000000 00:00 0 
7fb2b4722000-7fb2b4739000 r-xp 00000000 08:03 592973                     /usr/lib/jvm/java-7-oracle/jre/lib/amd64/libzip.so
7fb2b4739000-7fb2b4939000 ---p 00017000 08:03 592973                     /usr/lib/jvm/java-7-oracle/jre/lib/amd64/libzip.so
7fb2b4939000-7fb2b493a000 rw-p 00017000 08:03 592973                     /usr/lib/jvm/java-7-oracle/jre/lib/amd64/libzip.so
7fb2b493a000-7fb2b4946000 r-xp 00000000 08:03 483808                     /lib/x86_64-linux-gnu/libnss_files-2.15.so
7fb2b4946000-7fb2b4b45000 ---p 0000c000 08:03 483808                     /lib/x86_64-linux-gnu/libnss_files-2.15.so
7fb2b4b45000-7fb2b4b46000 r--p 0000b000 08:03 483808                     /lib/x86_64-linux-gnu/libnss_files-2.15.so
7fb2b4b46000-7fb2b4b47000 rw-p 0000c000 08:03 483808                     /lib/x86_64-linux-gnu/libnss_files-2.15.so
7fb2b4b47000-7fb2b4b51000 r-xp 00000000 08:03 483787                     /lib/x86_64-linux-gnu/libnss_nis-2.15.so
7fb2b4b51000-7fb2b4d51000 ---p 0000a000 08:03 483787                     /lib/x86_64-linux-gnu/libnss_nis-2.15.so
7fb2b4d51000-7fb2b4d52000 r--p 0000a000 08:03 483787                     /lib/x86_64-linux-gnu/libnss_nis-2.15.so
7fb2b4d52000-7fb2b4d53000 rw-p 0000b000 08:03 483787                     /lib/x86_64-linux-gnu/libnss_nis-2.15.so
7fb2b4d53000-7fb2b4d6a000 r-xp 00000000 08:03 483825                     /lib/x86_64-linux-gnu/libnsl-2.15.so
7fb2b4d6a000-7fb2b4f69000 ---p 00017000 08:03 483825                     /lib/x86_64-linux-gnu/libnsl-2.15.so
7fb2b4f69000-7fb2b4f6a000 r--p 00016000 08:03 483825                     /lib/x86_64-linux-gnu/libnsl-2.15.so
7fb2b4f6a000-7fb2b4f6b000 rw-p 00017000 08:03 483825                     /lib/x86_64-linux-gnu/libnsl-2.15.so
7fb2b4f6b000-7fb2b4f6d000 rw-p 00000000 00:00 0 
7fb2b4f6d000-7fb2b4f75000 r-xp 00000000 08:03 483827                     /lib/x86_64-linux-gnu/libnss_compat-2.15.so
7fb2b4f75000-7fb2b5174000 ---p 00008000 08:03 483827                     /lib/x86_64-linux-gnu/libnss_compat-2.15.so
7fb2b5174000-7fb2b5175000 r--p 00007000 08:03 483827                     /lib/x86_64-linux-gnu/libnss_compat-2.15.so
7fb2b5175000-7fb2b5176000 rw-p 00008000 08:03 483827                     /lib/x86_64-linux-gnu/libnss_compat-2.15.so
7fb2b5176000-7fb2b519f000 r-xp 00000000 08:03 592989                     /usr/lib/jvm/java-7-oracle/jre/lib/amd64/libjava.so
7fb2b519f000-7fb2b539f000 ---p 00029000 08:03 592989                     /usr/lib/jvm/java-7-oracle/jre/lib/amd64/libjava.so
7fb2b539f000-7fb2b53a1000 rw-p 00029000 08:03 592989                     /usr/lib/jvm/java-7-oracle/jre/lib/amd64/libjava.so
7fb2b53a1000-7fb2b53ae000 r-xp 00000000 08:03 592960                     /usr/lib/jvm/java-7-oracle/jre/lib/amd64/libverify.so
7fb2b53ae000-7fb2b55ad000 ---p 0000d000 08:03 592960                     /usr/lib/jvm/java-7-oracle/jre/lib/amd64/libverify.so
7fb2b55ad000-7fb2b55af000 rw-p 0000c000 08:03 592960                     /usr/lib/jvm/java-7-oracle/jre/lib/amd64/libverify.so
7fb2b55af000-7fb2b55b6000 r-xp 00000000 08:03 483810                     /lib/x86_64-linux-gnu/librt-2.15.so
7fb2b55b6000-7fb2b57b5000 ---p 00007000 08:03 483810                     /lib/x86_64-linux-gnu/librt-2.15.so
7fb2b57b5000-7fb2b57b6000 r--p 00006000 08:03 483810                     /lib/x86_64-linux-gnu/librt-2.15.so
7fb2b57b6000-7fb2b57b7000 rw-p 00007000 08:03 483810                     /lib/x86_64-linux-gnu/librt-2.15.so
7fb2b57b7000-7fb2b58b2000 r-xp 00000000 08:03 483802                     /lib/x86_64-linux-gnu/libm-2.15.so
7fb2b58b2000-7fb2b5ab1000 ---p 000fb000 08:03 483802                     /lib/x86_64-linux-gnu/libm-2.15.so
7fb2b5ab1000-7fb2b5ab2000 r--p 000fa000 08:03 483802                     /lib/x86_64-linux-gnu/libm-2.15.so
7fb2b5ab2000-7fb2b5ab3000 rw-p 000fb000 08:03 483802                     /lib/x86_64-linux-gnu/libm-2.15.so
7fb2b5ab3000-7fb2b6629000 r-xp 00000000 08:03 592980                     /usr/lib/jvm/java-7-oracle/jre/lib/amd64/server/libjvm.so
7fb2b6629000-7fb2b6828000 ---p 00b76000 08:03 592980                     /usr/lib/jvm/java-7-oracle/jre/lib/amd64/server/libjvm.so
7fb2b6828000-7fb2b68ec000 rw-p 00b75000 08:03 592980                     /usr/lib/jvm/java-7-oracle/jre/lib/amd64/server/libjvm.so
7fb2b68ec000-7fb2b692d000 rw-p 00000000 00:00 0 
7fb2b692d000-7fb2b6ae1000 r-xp 00000000 08:03 483823                     /lib/x86_64-linux-gnu/libc-2.15.so
7fb2b6ae1000-7fb2b6ce0000 ---p 001b4000 08:03 483823                     /lib/x86_64-linux-gnu/libc-2.15.so
7fb2b6ce0000-7fb2b6ce4000 r--p 001b3000 08:03 483823                     /lib/x86_64-linux-gnu/libc-2.15.so
7fb2b6ce4000-7fb2b6ce6000 rw-p 001b7000 08:03 483823                     /lib/x86_64-linux-gnu/libc-2.15.so
7fb2b6ce6000-7fb2b6ceb000 rw-p 00000000 00:00 0 
7fb2b6ceb000-7fb2b6ced000 r-xp 00000000 08:03 483829                     /lib/x86_64-linux-gnu/libdl-2.15.so
7fb2b6ced000-7fb2b6eed000 ---p 00002000 08:03 483829                     /lib/x86_64-linux-gnu/libdl-2.15.so
7fb2b6eed000-7fb2b6eee000 r--p 00002000 08:03 483829                     /lib/x86_64-linux-gnu/libdl-2.15.so
7fb2b6eee000-7fb2b6eef000 rw-p 00003000 08:03 483829                     /lib/x86_64-linux-gnu/libdl-2.15.so
7fb2b6eef000-7fb2b6f04000 r-xp 00000000 08:03 626246                     /usr/lib/jvm/java-7-oracle/lib/amd64/jli/libjli.so
7fb2b6f04000-7fb2b7103000 ---p 00015000 08:03 626246                     /usr/lib/jvm/java-7-oracle/lib/amd64/jli/libjli.so
7fb2b7103000-7fb2b7104000 rw-p 00014000 08:03 626246                     /usr/lib/jvm/java-7-oracle/lib/amd64/jli/libjli.so
7fb2b7104000-7fb2b711c000 r-xp 00000000 08:03 483806                     /lib/x86_64-linux-gnu/libpthread-2.15.so
7fb2b711c000-7fb2b731b000 ---p 00018000 08:03 483806                     /lib/x86_64-linux-gnu/libpthread-2.15.so
7fb2b731b000-7fb2b731c000 r--p 00017000 08:03 483806                     /lib/x86_64-linux-gnu/libpthread-2.15.so
7fb2b731c000-7fb2b731d000 rw-p 00018000 08:03 483806                     /lib/x86_64-linux-gnu/libpthread-2.15.so
7fb2b731d000-7fb2b7321000 rw-p 00000000 00:00 0 
7fb2b7321000-7fb2b7343000 r-xp 00000000 08:03 483809                     /lib/x86_64-linux-gnu/ld-2.15.so
7fb2b735a000-7fb2b7364000 rw-p 00000000 00:00 0 
7fb2b7364000-7fb2b741a000 rw-p 00000000 00:00 0 
7fb2b741a000-7fb2b741d000 ---p 00000000 00:00 0 
7fb2b741d000-7fb2b751f000 rw-p 00000000 00:00 0 
7fb2b7520000-7fb2b7537000 rw-p 00000000 00:00 0 
7fb2b7537000-7fb2b753f000 rw-s 00000000 08:03 145086                     /tmp/hsperfdata_laure/28398
7fb2b753f000-7fb2b7540000 rw-p 00000000 00:00 0 
7fb2b7540000-7fb2b7541000 ---p 00000000 00:00 0 
7fb2b7541000-7fb2b7543000 rw-p 00000000 00:00 0 
7fb2b7543000-7fb2b7544000 r--p 00022000 08:03 483809                     /lib/x86_64-linux-gnu/ld-2.15.so
7fb2b7544000-7fb2b7546000 rw-p 00023000 08:03 483809                     /lib/x86_64-linux-gnu/ld-2.15.so
7fffdcc0f000-7fffdcc30000 rw-p 00000000 00:00 0                          [stack]
7fffdcdcd000-7fffdcdce000 r-xp 00000000 00:00 0                          [vdso]
ffffffffff600000-ffffffffff601000 r-xp 00000000 00:00 0                  [vsyscall]

VM Arguments:
jvm_args: -Xmx1024M -Dfile.encoding=UTF-8 -Duser.country=US -Duser.language=en -Duser.variant 
java_command: com.android.dx.command.Main --dex --num-threads=4 --multi-dex --main-dex-list /home/laure/aaa/4A/mobile/App/app/build/intermediates/multi-dex/debug/maindexlist.txt --output /home/laure/aaa/4A/mobile/App/app/build/intermediates/dex/debug /home/laure/aaa/4A/mobile/App/app/build/intermediates/multi-dex/debug/allclasses.jar
Launcher Type: SUN_STANDARD

Environment Variables:
PATH=/opt/android-sdk-update-manager/tools:/home/laure/bin:/home/laure/bin:/usr/lib/lightdm/lightdm:/usr/local/sbin:/usr/local/bin:/usr/sbin:/usr/bin:/sbin:/bin:/usr/games
LD_LIBRARY_PATH=./aaa/libs/android-studio/bin:
SHELL=/bin/zsh
DISPLAY=:0

Signal Handlers:
SIGSEGV: [libjvm.so+0x9a3b20], sa_mask[0]=0x7ffbfeff, sa_flags=0x10000004
SIGBUS: [libjvm.so+0x9a3b20], sa_mask[0]=0x7ffbfeff, sa_flags=0x10000004
SIGFPE: [libjvm.so+0x81e740], sa_mask[0]=0x7ffbfeff, sa_flags=0x10000004
SIGPIPE: [libjvm.so+0x81e740], sa_mask[0]=0x7ffbfeff, sa_flags=0x10000004
SIGXFSZ: [libjvm.so+0x81e740], sa_mask[0]=0x7ffbfeff, sa_flags=0x10000004
SIGILL: [libjvm.so+0x81e740], sa_mask[0]=0x7ffbfeff, sa_flags=0x10000004
SIGUSR1: SIG_DFL, sa_mask[0]=0x00000000, sa_flags=0x00000000
SIGUSR2: [libjvm.so+0x81ffb0], sa_mask[0]=0x00000004, sa_flags=0x10000004
SIGHUP: [libjvm.so+0x8210d0], sa_mask[0]=0x7ffbfeff, sa_flags=0x10000004
SIGINT: [libjvm.so+0x8210d0], sa_mask[0]=0x7ffbfeff, sa_flags=0x10000004
SIGTERM: [libjvm.so+0x8210d0], sa_mask[0]=0x7ffbfeff, sa_flags=0x10000004
SIGQUIT: [libjvm.so+0x8210d0], sa_mask[0]=0x7ffbfeff, sa_flags=0x10000004


---------------  S Y S T E M  ---------------

OS:wheezy/sid

uname:Linux 3.2.0-94-generic #134-Ubuntu SMP Fri Nov 6 18:16:45 UTC 2015 x86_64
libc:glibc 2.15 NPTL 2.15 
rlimit: STACK 8192k, CORE 0k, NPROC 30653, NOFILE 4096, AS infinity
load average:1.85 1.93 1.54

/proc/meminfo:
MemTotal:        3941220 kB
MemFree:           87188 kB
Buffers:             972 kB
Cached:            73188 kB
SwapCached:            0 kB
Active:          3612548 kB
Inactive:          58876 kB
Active(anon):    3598952 kB
Inactive(anon):    19096 kB
Active(file):      13596 kB
Inactive(file):    39780 kB
Unevictable:           0 kB
Mlocked:               0 kB
SwapTotal:             0 kB
SwapFree:              0 kB
Dirty:               192 kB
Writeback:             0 kB
AnonPages:       3598640 kB
Mapped:            33800 kB
Shmem:             19888 kB
Slab:              60440 kB
SReclaimable:      24376 kB
SUnreclaim:        36064 kB
KernelStack:        5360 kB
PageTables:        44484 kB
NFS_Unstable:          0 kB
Bounce:                0 kB
WritebackTmp:          0 kB
CommitLimit:     1970608 kB
Committed_AS:    6757220 kB
VmallocTotal:   34359738367 kB
VmallocUsed:      358852 kB
VmallocChunk:   34359376348 kB
HardwareCorrupted:     0 kB
AnonHugePages:         0 kB
HugePages_Total:       0
HugePages_Free:        0
HugePages_Rsvd:        0
HugePages_Surp:        0
Hugepagesize:       2048 kB
DirectMap4k:       59964 kB
DirectMap2M:     4028416 kB


CPU:total 4 (2 cores per cpu, 2 threads per core) family 6 model 58 stepping 9, cmov, cx8, fxsr, mmx, sse, sse2, sse3, ssse3, sse4.1, sse4.2, popcnt, avx, aes, erms, ht, tsc, tscinvbit, tscinv

/proc/cpuinfo:
processor	: 0
vendor_id	: GenuineIntel
cpu family	: 6
model		: 58
model name	: Intel(R) Core(TM) i5-3337U CPU @ 1.80GHz
stepping	: 9
microcode	: 0x15
cpu MHz		: 1801.000
cache size	: 3072 KB
physical id	: 0
siblings	: 4
core id		: 0
cpu cores	: 2
apicid		: 0
initial apicid	: 0
fpu		: yes
fpu_exception	: yes
cpuid level	: 13
wp		: yes
flags		: fpu vme de pse tsc msr pae mce cx8 apic sep mtrr pge mca cmov pat pse36 clflush dts acpi mmx fxsr sse sse2 ss ht tm pbe syscall nx rdtscp lm constant_tsc arch_perfmon pebs bts rep_good nopl xtopology nonstop_tsc aperfmperf pni pclmulqdq dtes64 monitor ds_cpl vmx est tm2 ssse3 cx16 xtpr pdcm pcid sse4_1 sse4_2 x2apic popcnt tsc_deadline_timer aes xsave avx f16c rdrand lahf_lm ida arat epb xsaveopt pln pts dtherm tpr_shadow vnmi flexpriority ept vpid fsgsbase smep erms
bogomips	: 3592.12
clflush size	: 64
cache_alignment	: 64
address sizes	: 36 bits physical, 48 bits virtual
power management:

processor	: 1
vendor_id	: GenuineIntel
cpu family	: 6
model		: 58
model name	: Intel(R) Core(TM) i5-3337U CPU @ 1.80GHz
stepping	: 9
microcode	: 0x15
cpu MHz		: 774.000
cache size	: 3072 KB
physical id	: 0
siblings	: 4
core id		: 0
cpu cores	: 2
apicid		: 1
initial apicid	: 1
fpu		: yes
fpu_exception	: yes
cpuid level	: 13
wp		: yes
flags		: fpu vme de pse tsc msr pae mce cx8 apic sep mtrr pge mca cmov pat pse36 clflush dts acpi mmx fxsr sse sse2 ss ht tm pbe syscall nx rdtscp lm constant_tsc arch_perfmon pebs bts rep_good nopl xtopology nonstop_tsc aperfmperf pni pclmulqdq dtes64 monitor ds_cpl vmx est tm2 ssse3 cx16 xtpr pdcm pcid sse4_1 sse4_2 x2apic popcnt tsc_deadline_timer aes xsave avx f16c rdrand lahf_lm ida arat epb xsaveopt pln pts dtherm tpr_shadow vnmi flexpriority ept vpid fsgsbase smep erms
bogomips	: 3591.68
clflush size	: 64
cache_alignment	: 64
address sizes	: 36 bits physical, 48 bits virtual
power management:

processor	: 2
vendor_id	: GenuineIntel
cpu family	: 6
model		: 58
model name	: Intel(R) Core(TM) i5-3337U CPU @ 1.80GHz
stepping	: 9
microcode	: 0x15
cpu MHz		: 1801.000
cache size	: 3072 KB
physical id	: 0
siblings	: 4
core id		: 1
cpu cores	: 2
apicid		: 2
initial apicid	: 2
fpu		: yes
fpu_exception	: yes
cpuid level	: 13
wp		: yes
flags		: fpu vme de pse tsc msr pae mce cx8 apic sep mtrr pge mca cmov pat pse36 clflush dts acpi mmx fxsr sse sse2 ss ht tm pbe syscall nx rdtscp lm constant_tsc arch_perfmon pebs bts rep_good nopl xtopology nonstop_tsc aperfmperf pni pclmulqdq dtes64 monitor ds_cpl vmx est tm2 ssse3 cx16 xtpr pdcm pcid sse4_1 sse4_2 x2apic popcnt tsc_deadline_timer aes xsave avx f16c rdrand lahf_lm ida arat epb xsaveopt pln pts dtherm tpr_shadow vnmi flexpriority ept vpid fsgsbase smep erms
bogomips	: 3591.69
clflush size	: 64
cache_alignment	: 64
address sizes	: 36 bits physical, 48 bits virtual
power management:

processor	: 3
vendor_id	: GenuineIntel
cpu family	: 6
model		: 58
model name	: Intel(R) Core(TM) i5-3337U CPU @ 1.80GHz
stepping	: 9
microcode	: 0x15
cpu MHz		: 1801.000
cache size	: 3072 KB
physical id	: 0
siblings	: 4
core id		: 1
cpu cores	: 2
apicid		: 3
initial apicid	: 3
fpu		: yes
fpu_exception	: yes
cpuid level	: 13
wp		: yes
flags		: fpu vme de pse tsc msr pae mce cx8 apic sep mtrr pge mca cmov pat pse36 clflush dts acpi mmx fxsr sse sse2 ss ht tm pbe syscall nx rdtscp lm constant_tsc arch_perfmon pebs bts rep_good nopl xtopology nonstop_tsc aperfmperf pni pclmulqdq dtes64 monitor ds_cpl vmx est tm2 ssse3 cx16 xtpr pdcm pcid sse4_1 sse4_2 x2apic popcnt tsc_deadline_timer aes xsave avx f16c rdrand lahf_lm ida arat epb xsaveopt pln pts dtherm tpr_shadow vnmi flexpriority ept vpid fsgsbase smep erms
bogomips	: 3591.68
clflush size	: 64
cache_alignment	: 64
address sizes	: 36 bits physical, 48 bits virtual
power management:



Memory: 4k page, physical 3941220k(87188k free), swap 0k(0k free)

vm_info: Java HotSpot(TM) 64-Bit Server VM (24.80-b11) for linux-amd64 JRE (1.7.0_80-b15), built on Apr 10 2015 19:53:14 by "java_re" with gcc 4.3.0 20080428 (Red Hat 4.3.0-8)

time: Mon Dec 28 00:40:14 2015
elapsed time: 7 seconds

