#
# There is insufficient memory for the Java Runtime Environment to continue.
# Native memory allocation (malloc) failed to allocate 47185920 bytes for committing reserved memory.
# Possible reasons:
#   The system is out of physical RAM or swap space
#   In 32 bit mode, the process size limit was hit
# Possible solutions:
#   Reduce memory load on the system
#   Increase physical memory or swap space
#   Check if swap backing store is full
#   Use 64 bit Java on a 64 bit OS
#   Decrease Java heap size (-Xmx/-Xms)
#   Decrease number of Java threads
#   Decrease Java thread stack sizes (-Xss)
#   Set larger code cache with -XX:ReservedCodeCacheSize=
# This output file may be truncated or incomplete.
#
#  Out of Memory Error (os_linux.cpp:2756), pid=25421, tid=140062911465216
#
# JRE version: Java(TM) SE Runtime Environment (7.0_80-b15) (build 1.7.0_80-b15)
# Java VM: Java HotSpot(TM) 64-Bit Server VM (24.80-b11 mixed mode linux-amd64 compressed oops)
# Failed to write core dump. Core dumps have been disabled. To enable core dumping, try "ulimit -c unlimited" before starting Java again
#

---------------  T H R E A D  ---------------

Current thread (0x00007f62ec06a800):  VMThread [stack: 0x00007f62f0058000,0x00007f62f0159000] [id=25431]

Stack: [0x00007f62f0058000,0x00007f62f0159000],  sp=0x00007f62f0157290,  free space=1020k
Native frames: (J=compiled Java code, j=interpreted, Vv=VM code, C=native code)
V  [libjvm.so+0x9a320a]  VMError::report_and_die()+0x2ea
V  [libjvm.so+0x498d3b]  report_vm_out_of_memory(char const*, int, unsigned long, char const*)+0x9b
V  [libjvm.so+0x82191e]  os::Linux::commit_memory_impl(char*, unsigned long, bool)+0xfe
V  [libjvm.so+0x821e69]  os::pd_commit_memory(char*, unsigned long, unsigned long, bool)+0x29
V  [libjvm.so+0x81bb6a]  os::commit_memory(char*, unsigned long, unsigned long, bool)+0x2a
V  [libjvm.so+0x88d623]  PSVirtualSpace::expand_by(unsigned long)+0x53
V  [libjvm.so+0x88e9f8]  PSYoungGen::resize_generation(unsigned long, unsigned long)+0xf8
V  [libjvm.so+0x88db62]  PSYoungGen::resize(unsigned long, unsigned long)+0x22
V  [libjvm.so+0x88af1d]  PSScavenge::invoke_no_policy()+0xf3d
V  [libjvm.so+0x88b761]  PSScavenge::invoke()+0x41
V  [libjvm.so+0x843f40]  ParallelScavengeHeap::failed_mem_allocate(unsigned long)+0x70
V  [libjvm.so+0x9a4a97]  VM_ParallelGCFailedAllocation::doit()+0x97
V  [libjvm.so+0x9abf35]  VM_Operation::evaluate()+0x55
V  [libjvm.so+0x9aa2fa]  VMThread::evaluate_operation(VM_Operation*)+0xba
V  [libjvm.so+0x9aa67e]  VMThread::loop()+0x1ce
V  [libjvm.so+0x9aaaf0]  VMThread::run()+0x70
V  [libjvm.so+0x8238c8]  java_start(Thread*)+0x108

VM_Operation (0x00007f62f4bde3e0): ParallelGCFailedAllocation, mode: safepoint, requested by thread 0x00007f62ec00a800


---------------  P R O C E S S  ---------------

Java Threads: ( => current thread )
  0x00007f62ec099800 JavaThread "Service Thread" daemon [_thread_blocked, id=25437, stack(0x00007f62e8317000,0x00007f62e8418000)]
  0x00007f62ec097000 JavaThread "C2 CompilerThread1" daemon [_thread_blocked, id=25436, stack(0x00007f62e8418000,0x00007f62e8519000)]
  0x00007f62ec094000 JavaThread "C2 CompilerThread0" daemon [_thread_blocked, id=25435, stack(0x00007f62e8519000,0x00007f62e861a000)]
  0x00007f62ec092000 JavaThread "Signal Dispatcher" daemon [_thread_blocked, id=25434, stack(0x00007f62e861a000,0x00007f62e871b000)]
  0x00007f62ec071000 JavaThread "Finalizer" daemon [_thread_blocked, id=25433, stack(0x00007f62e8dfe000,0x00007f62e8eff000)]
  0x00007f62ec06f000 JavaThread "Reference Handler" daemon [_thread_blocked, id=25432, stack(0x00007f62e8eff000,0x00007f62e9000000)]
  0x00007f62ec00a800 JavaThread "main" [_thread_blocked, id=25426, stack(0x00007f62f4adf000,0x00007f62f4be0000)]

Other Threads:
=>0x00007f62ec06a800 VMThread [stack: 0x00007f62f0058000,0x00007f62f0159000] [id=25431]
  0x00007f62ec0a4800 WatcherThread [stack: 0x00007f62e8216000,0x00007f62e8317000] [id=25438]

VM state:at safepoint (normal execution)

VM Mutex/Monitor currently owned by a thread:  ([mutex/lock_event])
[0x00007f62ec006e60] Threads_lock - owner thread: 0x00007f62ec06a800
[0x00007f62ec007360] Heap_lock - owner thread: 0x00007f62ec00a800

Heap
 PSYoungGen      total 34304K, used 2549K [0x00000000eaa80000, 0x00000000ece80000, 0x0000000100000000)
  eden space 31744K, 0% used [0x00000000eaa80000,0x00000000eaa80000,0x00000000ec980000)
  from space 2560K, 99% used [0x00000000ec980000,0x00000000ecbfd5a8,0x00000000ecc00000)
  to   space 2560K, 0% used [0x00000000ecc00000,0x00000000ecc00000,0x00000000ece80000)
 ParOldGen       total 40960K, used 21698K [0x00000000c0000000, 0x00000000c2800000, 0x00000000eaa80000)
  object space 40960K, 52% used [0x00000000c0000000,0x00000000c1530870,0x00000000c2800000)
 PSPermGen       total 21504K, used 6932K [0x00000000bae00000, 0x00000000bc300000, 0x00000000c0000000)
  object space 21504K, 32% used [0x00000000bae00000,0x00000000bb4c51e0,0x00000000bc300000)

Card table byte_map: [0x00007f62f1bbd000,0x00007f62f1de7000] byte_map_base: 0x00007f62f15e6000

Polling page: 0x00007f62f4c05000

Code Cache  [0x00007f62e9000000, 0x00007f62e9270000, 0x00007f62ec000000)
 total_blobs=809 nmethods=558 adapters=204 free_code_cache=47646Kb largest_free_block=48750656

Compilation events (10 events):
Event: 2.436 Thread 0x00007f62ec097000 nmethod 558 0x00007f62e917a2d0 code [0x00007f62e917a440, 0x00007f62e917a698]
Event: 2.436 Thread 0x00007f62ec094000  560             com.android.dx.io.instructions.TwoRegisterDecodedInstruction::getRegisterCount (2 bytes)
Event: 2.436 Thread 0x00007f62ec097000  561             com.android.dx.io.instructions.ShortArrayCodeOutput::getArray (36 bytes)
Event: 2.436 Thread 0x00007f62ec094000 nmethod 560 0x00007f62e917b310 code [0x00007f62e917b440, 0x00007f62e917b498]
Event: 2.437 Thread 0x00007f62ec097000 nmethod 561 0x00007f62e917c9d0 code [0x00007f62e917cb20, 0x00007f62e917cbb8]
Event: 2.439 Thread 0x00007f62ec094000  562             com.android.dx.io.instructions.ShortArrayCodeInput::readInt (17 bytes)
Event: 2.440 Thread 0x00007f62ec097000  563             com.android.dx.io.instructions.ZeroRegisterDecodedInstruction::<init> (14 bytes)
Event: 2.440 Thread 0x00007f62ec094000 nmethod 562 0x00007f62e917c690 code [0x00007f62e917c7e0, 0x00007f62e917c8b8]
Event: 2.441 Thread 0x00007f62ec097000 nmethod 563 0x00007f62e917c190 code [0x00007f62e917c2e0, 0x00007f62e917c478]
Event: 2.469 Thread 0x00007f62ec094000  564             com.android.dx.merge.IndexMap::adjustTypeListOffset (18 bytes)

GC Heap History (9 events):
Event: 0.582 GC heap before
{Heap before GC invocations=1 (full 0):
 PSYoungGen      total 18432K, used 15872K [0x00000000eaa80000, 0x00000000ebf00000, 0x0000000100000000)
  eden space 15872K, 100% used [0x00000000eaa80000,0x00000000eba00000,0x00000000eba00000)
  from space 2560K, 0% used [0x00000000ebc80000,0x00000000ebc80000,0x00000000ebf00000)
  to   space 2560K, 0% used [0x00000000eba00000,0x00000000eba00000,0x00000000ebc80000)
 ParOldGen       total 40960K, used 0K [0x00000000c0000000, 0x00000000c2800000, 0x00000000eaa80000)
  object space 40960K, 0% used [0x00000000c0000000,0x00000000c0000000,0x00000000c2800000)
 PSPermGen       total 21504K, used 5051K [0x00000000bae00000, 0x00000000bc300000, 0x00000000c0000000)
  object space 21504K, 23% used [0x00000000bae00000,0x00000000bb2eefb0,0x00000000bc300000)
Event: 0.587 GC heap after
Heap after GC invocations=1 (full 0):
 PSYoungGen      total 18432K, used 2537K [0x00000000eaa80000, 0x00000000ebf00000, 0x0000000100000000)
  eden space 15872K, 0% used [0x00000000eaa80000,0x00000000eaa80000,0x00000000eba00000)
  from space 2560K, 99% used [0x00000000eba00000,0x00000000ebc7a708,0x00000000ebc80000)
  to   space 2560K, 0% used [0x00000000ebc80000,0x00000000ebc80000,0x00000000ebf00000)
 ParOldGen       total 40960K, used 1961K [0x00000000c0000000, 0x00000000c2800000, 0x00000000eaa80000)
  object space 40960K, 4% used [0x00000000c0000000,0x00000000c01ea748,0x00000000c2800000)
 PSPermGen       total 21504K, used 5051K [0x00000000bae00000, 0x00000000bc300000, 0x00000000c0000000)
  object space 21504K, 23% used [0x00000000bae00000,0x00000000bb2eefb0,0x00000000bc300000)
}
Event: 0.778 GC heap before
{Heap before GC invocations=2 (full 0):
 PSYoungGen      total 18432K, used 17828K [0x00000000eaa80000, 0x00000000ebf00000, 0x0000000100000000)
  eden space 15872K, 96% used [0x00000000eaa80000,0x00000000eb96eae8,0x00000000eba00000)
  from space 2560K, 99% used [0x00000000eba00000,0x00000000ebc7a708,0x00000000ebc80000)
  to   space 2560K, 0% used [0x00000000ebc80000,0x00000000ebc80000,0x00000000ebf00000)
 ParOldGen       total 40960K, used 1961K [0x00000000c0000000, 0x00000000c2800000, 0x00000000eaa80000)
  object space 40960K, 4% used [0x00000000c0000000,0x00000000c01ea748,0x00000000c2800000)
 PSPermGen       total 21504K, used 5524K [0x00000000bae00000, 0x00000000bc300000, 0x00000000c0000000)
  object space 21504K, 25% used [0x00000000bae00000,0x00000000bb365378,0x00000000bc300000)
Event: 0.788 GC heap after
Heap after GC invocations=2 (full 0):
 PSYoungGen      total 18432K, used 2544K [0x00000000eaa80000, 0x00000000ece80000, 0x0000000100000000)
  eden space 15872K, 0% used [0x00000000eaa80000,0x00000000eaa80000,0x00000000eba00000)
  from space 2560K, 99% used [0x00000000ebc80000,0x00000000ebefc360,0x00000000ebf00000)
  to   space 2560K, 0% used [0x00000000eba00000,0x00000000eba00000,0x00000000ebc80000)
 ParOldGen       total 40960K, used 6659K [0x00000000c0000000, 0x00000000c2800000, 0x00000000eaa80000)
  object space 40960K, 16% used [0x00000000c0000000,0x00000000c0680fe0,0x00000000c2800000)
 PSPermGen       total 21504K, used 5524K [0x00000000bae00000, 0x00000000bc300000, 0x00000000c0000000)
  object space 21504K, 25% used [0x00000000bae00000,0x00000000bb365378,0x00000000bc300000)
}
Event: 1.800 GC heap before
{Heap before GC invocations=3 (full 0):
 PSYoungGen      total 18432K, used 18416K [0x00000000eaa80000, 0x00000000ece80000, 0x0000000100000000)
  eden space 15872K, 100% used [0x00000000eaa80000,0x00000000eba00000,0x00000000eba00000)
  from space 2560K, 99% used [0x00000000ebc80000,0x00000000ebefc360,0x00000000ebf00000)
  to   space 2560K, 0% used [0x00000000eba00000,0x00000000eba00000,0x00000000ebc80000)
 ParOldGen       total 40960K, used 6659K [0x00000000c0000000, 0x00000000c2800000, 0x00000000eaa80000)
  object space 40960K, 16% used [0x00000000c0000000,0x00000000c0680fe0,0x00000000c2800000)
 PSPermGen       total 21504K, used 6620K [0x00000000bae00000, 0x00000000bc300000, 0x00000000c0000000)
  object space 21504K, 30% used [0x00000000bae00000,0x00000000bb4772a0,0x00000000bc300000)
Event: 1.809 GC heap after
Heap after GC invocations=3 (full 0):
 PSYoungGen      total 18432K, used 2554K [0x00000000eaa80000, 0x00000000ece80000, 0x0000000100000000)
  eden space 15872K, 0% used [0x00000000eaa80000,0x00000000eaa80000,0x00000000eba00000)
  from space 2560K, 99% used [0x00000000eba00000,0x00000000ebc7ea28,0x00000000ebc80000)
  to   space 2560K, 0% used [0x00000000ecc00000,0x00000000ecc00000,0x00000000ece80000)
 ParOldGen       total 40960K, used 10205K [0x00000000c0000000, 0x00000000c2800000, 0x00000000eaa80000)
  object space 40960K, 24% used [0x00000000c0000000,0x00000000c09f7708,0x00000000c2800000)
 PSPermGen       total 21504K, used 6620K [0x00000000bae00000, 0x00000000bc300000, 0x00000000c0000000)
  object space 21504K, 30% used [0x00000000bae00000,0x00000000bb4772a0,0x00000000bc300000)
}
Event: 2.172 GC heap before
{Heap before GC invocations=4 (full 0):
 PSYoungGen      total 18432K, used 18426K [0x00000000eaa80000, 0x00000000ece80000, 0x0000000100000000)
  eden space 15872K, 100% used [0x00000000eaa80000,0x00000000eba00000,0x00000000eba00000)
  from space 2560K, 99% used [0x00000000eba00000,0x00000000ebc7ea28,0x00000000ebc80000)
  to   space 2560K, 0% used [0x00000000ecc00000,0x00000000ecc00000,0x00000000ece80000)
 ParOldGen       total 40960K, used 10205K [0x00000000c0000000, 0x00000000c2800000, 0x00000000eaa80000)
  object space 40960K, 24% used [0x00000000c0000000,0x00000000c09f7708,0x00000000c2800000)
 PSPermGen       total 21504K, used 6889K [0x00000000bae00000, 0x00000000bc300000, 0x00000000c0000000)
  object space 21504K, 32% used [0x00000000bae00000,0x00000000bb4ba5d0,0x00000000bc300000)
Event: 2.189 GC heap after
Heap after GC invocations=4 (full 0):
 PSYoungGen      total 34304K, used 2553K [0x00000000eaa80000, 0x00000000ece80000, 0x0000000100000000)
  eden space 31744K, 0% used [0x00000000eaa80000,0x00000000eaa80000,0x00000000ec980000)
  from space 2560K, 99% used [0x00000000ecc00000,0x00000000ece7e478,0x00000000ece80000)
  to   space 2560K, 0% used [0x00000000ec980000,0x00000000ec980000,0x00000000ecc00000)
 ParOldGen       total 40960K, used 16984K [0x00000000c0000000, 0x00000000c2800000, 0x00000000eaa80000)
  object space 40960K, 41% used [0x00000000c0000000,0x00000000c10960e0,0x00000000c2800000)
 PSPermGen       total 21504K, used 6889K [0x00000000bae00000, 0x00000000bc300000, 0x00000000c0000000)
  object space 21504K, 32% used [0x00000000bae00000,0x00000000bb4ba5d0,0x00000000bc300000)
}
Event: 2.472 GC heap before
{Heap before GC invocations=5 (full 0):
 PSYoungGen      total 34304K, used 34297K [0x00000000eaa80000, 0x00000000ece80000, 0x0000000100000000)
  eden space 31744K, 100% used [0x00000000eaa80000,0x00000000ec980000,0x00000000ec980000)
  from space 2560K, 99% used [0x00000000ecc00000,0x00000000ece7e478,0x00000000ece80000)
  to   space 2560K, 0% used [0x00000000ec980000,0x00000000ec980000,0x00000000ecc00000)
 ParOldGen       total 40960K, used 16984K [0x00000000c0000000, 0x00000000c2800000, 0x00000000eaa80000)
  object space 40960K, 41% used [0x00000000c0000000,0x00000000c10960e0,0x00000000c2800000)
 PSPermGen       total 21504K, used 6932K [0x00000000bae00000, 0x00000000bc300000, 0x00000000c0000000)
  object space 21504K, 32% used [0x00000000bae00000,0x00000000bb4c51e0,0x00000000bc300000)

Deoptimization events (10 events):
Event: 1.640 Thread 0x00007f62ec00a800 Uncommon trap: reason=class_check action=maybe_recompile pc=0x00007f62e910fee0 method=com.android.dex.Leb128.writeUnsignedLeb128(Lcom/android/dex/util/ByteOutput;I)V @ 40
Event: 1.640 Thread 0x00007f62ec00a800 Uncommon trap: reason=class_check action=maybe_recompile pc=0x00007f62e910fee0 method=com.android.dex.Leb128.writeUnsignedLeb128(Lcom/android/dex/util/ByteOutput;I)V @ 40
Event: 1.640 Thread 0x00007f62ec00a800 Uncommon trap: reason=class_check action=maybe_recompile pc=0x00007f62e910fee0 method=com.android.dex.Leb128.writeUnsignedLeb128(Lcom/android/dex/util/ByteOutput;I)V @ 40
Event: 1.640 Thread 0x00007f62ec00a800 Uncommon trap: reason=class_check action=maybe_recompile pc=0x00007f62e910fee0 method=com.android.dex.Leb128.writeUnsignedLeb128(Lcom/android/dex/util/ByteOutput;I)V @ 40
Event: 1.749 Thread 0x00007f62ec00a800 Uncommon trap: reason=predicate action=maybe_recompile pc=0x00007f62e90de0d4 method=com.android.dex.Leb128.writeUnsignedLeb128(Lcom/android/dex/util/ByteOutput;I)V @ 9
Event: 1.864 Thread 0x00007f62ec00a800 Uncommon trap: reason=class_check action=maybe_recompile pc=0x00007f62e91282dc method=com.android.dex.Leb128.readUnsignedLeb128(Lcom/android/dex/util/ByteInput;)I @ 5
Event: 1.864 Thread 0x00007f62ec00a800 Uncommon trap: reason=class_check action=maybe_recompile pc=0x00007f62e91282dc method=com.android.dex.Leb128.readUnsignedLeb128(Lcom/android/dex/util/ByteInput;)I @ 5
Event: 1.864 Thread 0x00007f62ec00a800 Uncommon trap: reason=class_check action=maybe_recompile pc=0x00007f62e91282dc method=com.android.dex.Leb128.readUnsignedLeb128(Lcom/android/dex/util/ByteInput;)I @ 5
Event: 1.864 Thread 0x00007f62ec00a800 Uncommon trap: reason=class_check action=maybe_recompile pc=0x00007f62e91282dc method=com.android.dex.Leb128.readUnsignedLeb128(Lcom/android/dex/util/ByteInput;)I @ 5
Event: 1.947 Thread 0x00007f62ec00a800 Uncommon trap: reason=predicate action=maybe_recompile pc=0x00007f62e913b850 method=com.android.dex.Leb128.readUnsignedLeb128(Lcom/android/dex/util/ByteInput;)I @ 41

Internal exceptions (10 events):
Event: 1.769 Thread 0x00007f62ec00a800 Threw 0x00000000eb952bc0 at /HUDSON/workspace/7u-2-build-linux-amd64/jdk7u80/2329/hotspot/src/share/vm/prims/jvm.cpp:1319
Event: 1.769 Thread 0x00007f62ec00a800 Threw 0x00000000eb956080 at /HUDSON/workspace/7u-2-build-linux-amd64/jdk7u80/2329/hotspot/src/share/vm/prims/jvm.cpp:1319
Event: 1.770 Thread 0x00007f62ec00a800 Threw 0x00000000eb959690 at /HUDSON/workspace/7u-2-build-linux-amd64/jdk7u80/2329/hotspot/src/share/vm/prims/jvm.cpp:1319
Event: 1.772 Thread 0x00007f62ec00a800 Threw 0x00000000eb95eb58 at /HUDSON/workspace/7u-2-build-linux-amd64/jdk7u80/2329/hotspot/src/share/vm/prims/jvm.cpp:1319
Event: 1.773 Thread 0x00007f62ec00a800 Threw 0x00000000eb961b28 at /HUDSON/workspace/7u-2-build-linux-amd64/jdk7u80/2329/hotspot/src/share/vm/prims/jvm.cpp:1319
Event: 1.773 Thread 0x00007f62ec00a800 Threw 0x00000000eb964cb8 at /HUDSON/workspace/7u-2-build-linux-amd64/jdk7u80/2329/hotspot/src/share/vm/prims/jvm.cpp:1319
Event: 1.773 Thread 0x00007f62ec00a800 Threw 0x00000000eb968260 at /HUDSON/workspace/7u-2-build-linux-amd64/jdk7u80/2329/hotspot/src/share/vm/prims/jvm.cpp:1319
Event: 1.775 Thread 0x00007f62ec00a800 Threw 0x00000000eb96f888 at /HUDSON/workspace/7u-2-build-linux-amd64/jdk7u80/2329/hotspot/src/share/vm/prims/jvm.cpp:1319
Event: 1.776 Thread 0x00007f62ec00a800 Threw 0x00000000eb971bc8 at /HUDSON/workspace/7u-2-build-linux-amd64/jdk7u80/2329/hotspot/src/share/vm/prims/jvm.cpp:1319
Event: 2.253 Thread 0x00007f62ec00a800 Threw 0x00000000eadc5f18 at /HUDSON/workspace/7u-2-build-linux-amd64/jdk7u80/2329/hotspot/src/share/vm/prims/jvm.cpp:1319

Events (10 events):
Event: 2.205 Thread 0x00007f62ec097000 flushing nmethod 0x00007f62e90609d0
Event: 2.205 Thread 0x00007f62ec097000 flushing nmethod 0x00007f62e90689d0
Event: 2.206 Thread 0x00007f62ec094000 flushing nmethod 0x00007f62e906ccd0
Event: 2.206 Thread 0x00007f62ec094000 flushing nmethod 0x00007f62e906ff90
Event: 2.208 Thread 0x00007f62ec097000 flushing nmethod 0x00007f62e907c010
Event: 2.253 loading class 0x00007f62ec1837e0
Event: 2.253 loading class 0x00007f62ec1837e0 done
Event: 2.418 loading class 0x00007f62f13bdf80
Event: 2.419 loading class 0x00007f62f13bdf80 done
Event: 2.472 Executing VM operation: ParallelGCFailedAllocation


Dynamic libraries:
00400000-00401000 r-xp 00000000 08:03 510920                             /usr/lib/jvm/java-7-oracle/bin/java
00600000-00601000 rw-p 00000000 08:03 510920                             /usr/lib/jvm/java-7-oracle/bin/java
01edf000-01f00000 rw-p 00000000 00:00 0                                  [heap]
bae00000-bc300000 rw-p 00000000 00:00 0 
bc300000-c0000000 rw-p 00000000 00:00 0 
c0000000-c2800000 rw-p 00000000 00:00 0 
c2800000-eaa80000 rw-p 00000000 00:00 0 
eaa80000-ece80000 rw-p 00000000 00:00 0 
efb80000-100000000 rw-p 00000000 00:00 0 
7f6294000000-7f6294021000 rw-p 00000000 00:00 0 
7f6294021000-7f6298000000 ---p 00000000 00:00 0 
7f629c000000-7f629c021000 rw-p 00000000 00:00 0 
7f629c021000-7f62a0000000 ---p 00000000 00:00 0 
7f62a0000000-7f62a0021000 rw-p 00000000 00:00 0 
7f62a0021000-7f62a4000000 ---p 00000000 00:00 0 
7f62a4000000-7f62a403f000 rw-p 00000000 00:00 0 
7f62a403f000-7f62a8000000 ---p 00000000 00:00 0 
7f62a8000000-7f62a8021000 rw-p 00000000 00:00 0 
7f62a8021000-7f62ac000000 ---p 00000000 00:00 0 
7f62ac000000-7f62ac021000 rw-p 00000000 00:00 0 
7f62ac021000-7f62b0000000 ---p 00000000 00:00 0 
7f62b0000000-7f62b0021000 rw-p 00000000 00:00 0 
7f62b0021000-7f62b4000000 ---p 00000000 00:00 0 
7f62b4000000-7f62b48ea000 rw-p 00000000 00:00 0 
7f62b48ea000-7f62b8000000 ---p 00000000 00:00 0 
7f62b8000000-7f62b8876000 rw-p 00000000 00:00 0 
7f62b8876000-7f62bc000000 ---p 00000000 00:00 0 
7f62bc000000-7f62bc021000 rw-p 00000000 00:00 0 
7f62bc021000-7f62c0000000 ---p 00000000 00:00 0 
7f62c0000000-7f62c0021000 rw-p 00000000 00:00 0 
7f62c0021000-7f62c4000000 ---p 00000000 00:00 0 
7f62c4000000-7f62c40eb000 rw-p 00000000 00:00 0 
7f62c40eb000-7f62c8000000 ---p 00000000 00:00 0 
7f62c8000000-7f62c8021000 rw-p 00000000 00:00 0 
7f62c8021000-7f62cc000000 ---p 00000000 00:00 0 
7f62cc000000-7f62cc021000 rw-p 00000000 00:00 0 
7f62cc021000-7f62d0000000 ---p 00000000 00:00 0 
7f62d4000000-7f62d4021000 rw-p 00000000 00:00 0 
7f62d4021000-7f62d8000000 ---p 00000000 00:00 0 
7f62dc000000-7f62dc021000 rw-p 00000000 00:00 0 
7f62dc021000-7f62e0000000 ---p 00000000 00:00 0 
7f62e14d8000-7f62e1645000 rw-p 00000000 00:00 0 
7f62e1645000-7f62e165c000 r-xp 00000000 08:03 592988                     /usr/lib/jvm/java-7-oracle/jre/lib/amd64/libnet.so
7f62e165c000-7f62e185b000 ---p 00017000 08:03 592988                     /usr/lib/jvm/java-7-oracle/jre/lib/amd64/libnet.so
7f62e185b000-7f62e185c000 rw-p 00016000 08:03 592988                     /usr/lib/jvm/java-7-oracle/jre/lib/amd64/libnet.so
7f62e185c000-7f62e186c000 r-xp 00000000 08:03 592976                     /usr/lib/jvm/java-7-oracle/jre/lib/amd64/libnio.so
7f62e186c000-7f62e1a6c000 ---p 00010000 08:03 592976                     /usr/lib/jvm/java-7-oracle/jre/lib/amd64/libnio.so
7f62e1a6c000-7f62e1a6d000 rw-p 00010000 08:03 592976                     /usr/lib/jvm/java-7-oracle/jre/lib/amd64/libnio.so
7f62e1a6d000-7f62e1a70000 ---p 00000000 00:00 0 
7f62e1a70000-7f62e1b6e000 rw-p 00000000 00:00 0 
7f62e1b6e000-7f62e1b71000 ---p 00000000 00:00 0 
7f62e1b71000-7f62e1c6f000 rw-p 00000000 00:00 0 
7f62e1c6f000-7f62e1c72000 ---p 00000000 00:00 0 
7f62e1c72000-7f62e4000000 rw-p 00000000 00:00 0 
7f62e4000000-7f62e4021000 rw-p 00000000 00:00 0 
7f62e4021000-7f62e8000000 ---p 00000000 00:00 0 
7f62e8005000-7f62e8008000 ---p 00000000 00:00 0 
7f62e8008000-7f62e8106000 rw-p 00000000 00:00 0 
7f62e8106000-7f62e8109000 ---p 00000000 00:00 0 
7f62e8109000-7f62e8207000 rw-p 00000000 00:00 0 
7f62e8207000-7f62e8216000 r--s 000df000 08:04 5398665                    /home/laure/aaa/4A/mobile/android-studio+sdk/Android/Sdk/build-tools/23.0.1/lib/dx.jar
7f62e8216000-7f62e8217000 ---p 00000000 00:00 0 
7f62e8217000-7f62e8317000 rw-p 00000000 00:00 0 
7f62e8317000-7f62e831a000 ---p 00000000 00:00 0 
7f62e831a000-7f62e8418000 rw-p 00000000 00:00 0 
7f62e8418000-7f62e841b000 ---p 00000000 00:00 0 
7f62e841b000-7f62e8519000 rw-p 00000000 00:00 0 
7f62e8519000-7f62e851c000 ---p 00000000 00:00 0 
7f62e851c000-7f62e861a000 rw-p 00000000 00:00 0 
7f62e861a000-7f62e861d000 ---p 00000000 00:00 0 
7f62e861d000-7f62e871b000 rw-p 00000000 00:00 0 
7f62e871b000-7f62e8dfe000 r--p 00000000 08:03 267859                     /usr/lib/locale/locale-archive
7f62e8dfe000-7f62e8e01000 ---p 00000000 00:00 0 
7f62e8e01000-7f62e8eff000 rw-p 00000000 00:00 0 
7f62e8eff000-7f62e8f02000 ---p 00000000 00:00 0 
7f62e8f02000-7f62e9000000 rw-p 00000000 00:00 0 
7f62e9000000-7f62e9270000 rwxp 00000000 00:00 0 
7f62e9270000-7f62ec1e6000 rw-p 00000000 00:00 0 
7f62ec1e6000-7f62f0000000 ---p 00000000 00:00 0 
7f62f0058000-7f62f0059000 ---p 00000000 00:00 0 
7f62f0059000-7f62f1158000 rw-p 00000000 00:00 0 
7f62f1158000-7f62f1318000 r--s 039fb000 08:03 510683                     /usr/lib/jvm/java-7-oracle/jre/lib/rt.jar
7f62f1318000-7f62f163a000 rw-p 00000000 00:00 0 
7f62f163a000-7f62f163b000 ---p 00000000 00:00 0 
7f62f163b000-7f62f173b000 rw-p 00000000 00:00 0 
7f62f173b000-7f62f173c000 ---p 00000000 00:00 0 
7f62f173c000-7f62f183c000 rw-p 00000000 00:00 0 
7f62f183c000-7f62f183d000 ---p 00000000 00:00 0 
7f62f183d000-7f62f193d000 rw-p 00000000 00:00 0 
7f62f193d000-7f62f193e000 ---p 00000000 00:00 0 
7f62f193e000-7f62f1a49000 rw-p 00000000 00:00 0 
7f62f1a49000-7f62f1a67000 rw-p 00000000 00:00 0 
7f62f1a67000-7f62f1a7b000 rw-p 00000000 00:00 0 
7f62f1a7b000-7f62f1bbd000 rw-p 00000000 00:00 0 
7f62f1bbd000-7f62f1bc8000 rw-p 00000000 00:00 0 
7f62f1bc8000-7f62f1be6000 rw-p 00000000 00:00 0 
7f62f1be6000-7f62f1bfa000 rw-p 00000000 00:00 0 
7f62f1bfa000-7f62f1d3b000 rw-p 00000000 00:00 0 
7f62f1d3b000-7f62f1d4e000 rw-p 00000000 00:00 0 
7f62f1d4e000-7f62f1de6000 rw-p 00000000 00:00 0 
7f62f1de6000-7f62f1de7000 rw-p 00000000 00:00 0 
7f62f1de7000-7f62f1dfe000 r-xp 00000000 08:03 592973                     /usr/lib/jvm/java-7-oracle/jre/lib/amd64/libzip.so
7f62f1dfe000-7f62f1ffe000 ---p 00017000 08:03 592973                     /usr/lib/jvm/java-7-oracle/jre/lib/amd64/libzip.so
7f62f1ffe000-7f62f1fff000 rw-p 00017000 08:03 592973                     /usr/lib/jvm/java-7-oracle/jre/lib/amd64/libzip.so
7f62f1fff000-7f62f200b000 r-xp 00000000 08:03 483808                     /lib/x86_64-linux-gnu/libnss_files-2.15.so
7f62f200b000-7f62f220a000 ---p 0000c000 08:03 483808                     /lib/x86_64-linux-gnu/libnss_files-2.15.so
7f62f220a000-7f62f220b000 r--p 0000b000 08:03 483808                     /lib/x86_64-linux-gnu/libnss_files-2.15.so
7f62f220b000-7f62f220c000 rw-p 0000c000 08:03 483808                     /lib/x86_64-linux-gnu/libnss_files-2.15.so
7f62f220c000-7f62f2216000 r-xp 00000000 08:03 483787                     /lib/x86_64-linux-gnu/libnss_nis-2.15.so
7f62f2216000-7f62f2416000 ---p 0000a000 08:03 483787                     /lib/x86_64-linux-gnu/libnss_nis-2.15.so
7f62f2416000-7f62f2417000 r--p 0000a000 08:03 483787                     /lib/x86_64-linux-gnu/libnss_nis-2.15.so
7f62f2417000-7f62f2418000 rw-p 0000b000 08:03 483787                     /lib/x86_64-linux-gnu/libnss_nis-2.15.so
7f62f2418000-7f62f242f000 r-xp 00000000 08:03 483825                     /lib/x86_64-linux-gnu/libnsl-2.15.so
7f62f242f000-7f62f262e000 ---p 00017000 08:03 483825                     /lib/x86_64-linux-gnu/libnsl-2.15.so
7f62f262e000-7f62f262f000 r--p 00016000 08:03 483825                     /lib/x86_64-linux-gnu/libnsl-2.15.so
7f62f262f000-7f62f2630000 rw-p 00017000 08:03 483825                     /lib/x86_64-linux-gnu/libnsl-2.15.so
7f62f2630000-7f62f2632000 rw-p 00000000 00:00 0 
7f62f2632000-7f62f263a000 r-xp 00000000 08:03 483827                     /lib/x86_64-linux-gnu/libnss_compat-2.15.so
7f62f263a000-7f62f2839000 ---p 00008000 08:03 483827                     /lib/x86_64-linux-gnu/libnss_compat-2.15.so
7f62f2839000-7f62f283a000 r--p 00007000 08:03 483827                     /lib/x86_64-linux-gnu/libnss_compat-2.15.so
7f62f283a000-7f62f283b000 rw-p 00008000 08:03 483827                     /lib/x86_64-linux-gnu/libnss_compat-2.15.so
7f62f283b000-7f62f2864000 r-xp 00000000 08:03 592989                     /usr/lib/jvm/java-7-oracle/jre/lib/amd64/libjava.so
7f62f2864000-7f62f2a64000 ---p 00029000 08:03 592989                     /usr/lib/jvm/java-7-oracle/jre/lib/amd64/libjava.so
7f62f2a64000-7f62f2a66000 rw-p 00029000 08:03 592989                     /usr/lib/jvm/java-7-oracle/jre/lib/amd64/libjava.so
7f62f2a66000-7f62f2a73000 r-xp 00000000 08:03 592960                     /usr/lib/jvm/java-7-oracle/jre/lib/amd64/libverify.so
7f62f2a73000-7f62f2c72000 ---p 0000d000 08:03 592960                     /usr/lib/jvm/java-7-oracle/jre/lib/amd64/libverify.so
7f62f2c72000-7f62f2c74000 rw-p 0000c000 08:03 592960                     /usr/lib/jvm/java-7-oracle/jre/lib/amd64/libverify.so
7f62f2c74000-7f62f2c7b000 r-xp 00000000 08:03 483810                     /lib/x86_64-linux-gnu/librt-2.15.so
7f62f2c7b000-7f62f2e7a000 ---p 00007000 08:03 483810                     /lib/x86_64-linux-gnu/librt-2.15.so
7f62f2e7a000-7f62f2e7b000 r--p 00006000 08:03 483810                     /lib/x86_64-linux-gnu/librt-2.15.so
7f62f2e7b000-7f62f2e7c000 rw-p 00007000 08:03 483810                     /lib/x86_64-linux-gnu/librt-2.15.so
7f62f2e7c000-7f62f2f77000 r-xp 00000000 08:03 483802                     /lib/x86_64-linux-gnu/libm-2.15.so
7f62f2f77000-7f62f3176000 ---p 000fb000 08:03 483802                     /lib/x86_64-linux-gnu/libm-2.15.so
7f62f3176000-7f62f3177000 r--p 000fa000 08:03 483802                     /lib/x86_64-linux-gnu/libm-2.15.so
7f62f3177000-7f62f3178000 rw-p 000fb000 08:03 483802                     /lib/x86_64-linux-gnu/libm-2.15.so
7f62f3178000-7f62f3cee000 r-xp 00000000 08:03 592980                     /usr/lib/jvm/java-7-oracle/jre/lib/amd64/server/libjvm.so
7f62f3cee000-7f62f3eed000 ---p 00b76000 08:03 592980                     /usr/lib/jvm/java-7-oracle/jre/lib/amd64/server/libjvm.so
7f62f3eed000-7f62f3fb1000 rw-p 00b75000 08:03 592980                     /usr/lib/jvm/java-7-oracle/jre/lib/amd64/server/libjvm.so
7f62f3fb1000-7f62f3ff2000 rw-p 00000000 00:00 0 
7f62f3ff2000-7f62f41a6000 r-xp 00000000 08:03 483823                     /lib/x86_64-linux-gnu/libc-2.15.so
7f62f41a6000-7f62f43a5000 ---p 001b4000 08:03 483823                     /lib/x86_64-linux-gnu/libc-2.15.so
7f62f43a5000-7f62f43a9000 r--p 001b3000 08:03 483823                     /lib/x86_64-linux-gnu/libc-2.15.so
7f62f43a9000-7f62f43ab000 rw-p 001b7000 08:03 483823                     /lib/x86_64-linux-gnu/libc-2.15.so
7f62f43ab000-7f62f43b0000 rw-p 00000000 00:00 0 
7f62f43b0000-7f62f43b2000 r-xp 00000000 08:03 483829                     /lib/x86_64-linux-gnu/libdl-2.15.so
7f62f43b2000-7f62f45b2000 ---p 00002000 08:03 483829                     /lib/x86_64-linux-gnu/libdl-2.15.so
7f62f45b2000-7f62f45b3000 r--p 00002000 08:03 483829                     /lib/x86_64-linux-gnu/libdl-2.15.so
7f62f45b3000-7f62f45b4000 rw-p 00003000 08:03 483829                     /lib/x86_64-linux-gnu/libdl-2.15.so
7f62f45b4000-7f62f45c9000 r-xp 00000000 08:03 626246                     /usr/lib/jvm/java-7-oracle/lib/amd64/jli/libjli.so
7f62f45c9000-7f62f47c8000 ---p 00015000 08:03 626246                     /usr/lib/jvm/java-7-oracle/lib/amd64/jli/libjli.so
7f62f47c8000-7f62f47c9000 rw-p 00014000 08:03 626246                     /usr/lib/jvm/java-7-oracle/lib/amd64/jli/libjli.so
7f62f47c9000-7f62f47e1000 r-xp 00000000 08:03 483806                     /lib/x86_64-linux-gnu/libpthread-2.15.so
7f62f47e1000-7f62f49e0000 ---p 00018000 08:03 483806                     /lib/x86_64-linux-gnu/libpthread-2.15.so
7f62f49e0000-7f62f49e1000 r--p 00017000 08:03 483806                     /lib/x86_64-linux-gnu/libpthread-2.15.so
7f62f49e1000-7f62f49e2000 rw-p 00018000 08:03 483806                     /lib/x86_64-linux-gnu/libpthread-2.15.so
7f62f49e2000-7f62f49e6000 rw-p 00000000 00:00 0 
7f62f49e6000-7f62f4a08000 r-xp 00000000 08:03 483809                     /lib/x86_64-linux-gnu/ld-2.15.so
7f62f4a1a000-7f62f4a1b000 rw-p 00000000 00:00 0 
7f62f4a1b000-7f62f4a1f000 r--s 0008b000 08:03 484531                     /usr/lib/jvm/java-7-oracle/jre/lib/jsse.jar
7f62f4a1f000-7f62f4a29000 rw-p 00000000 00:00 0 
7f62f4a29000-7f62f4adf000 rw-p 00000000 00:00 0 
7f62f4adf000-7f62f4ae2000 ---p 00000000 00:00 0 
7f62f4ae2000-7f62f4be4000 rw-p 00000000 00:00 0 
7f62f4be6000-7f62f4bfc000 rw-p 00000000 00:00 0 
7f62f4bfc000-7f62f4c04000 rw-s 00000000 08:03 137451                     /tmp/hsperfdata_laure/25421
7f62f4c04000-7f62f4c05000 rw-p 00000000 00:00 0 
7f62f4c05000-7f62f4c06000 ---p 00000000 00:00 0 
7f62f4c06000-7f62f4c08000 rw-p 00000000 00:00 0 
7f62f4c08000-7f62f4c09000 r--p 00022000 08:03 483809                     /lib/x86_64-linux-gnu/ld-2.15.so
7f62f4c09000-7f62f4c0b000 rw-p 00023000 08:03 483809                     /lib/x86_64-linux-gnu/ld-2.15.so
7fffcdfa2000-7fffcdfc3000 rw-p 00000000 00:00 0                          [stack]
7fffcdff0000-7fffcdff1000 r-xp 00000000 00:00 0                          [vdso]
ffffffffff600000-ffffffffff601000 r-xp 00000000 00:00 0                  [vsyscall]

VM Arguments:
jvm_args: -Xmx1024M -Dfile.encoding=UTF-8 -Duser.country=US -Duser.language=en -Duser.variant 
java_command: com.android.dx.command.Main --dex --num-threads=4 --output /home/laure/aaa/4A/mobile/App/app/build/intermediates/dex/debug /home/laure/aaa/4A/mobile/App/app/build/intermediates/classes/debug /home/laure/aaa/4A/mobile/App/app/build/intermediates/pre-dexed/debug/support-annotations-23.0.1-a20bd253139cd27b7f0526b863d623ce93500401.jar /home/laure/aaa/4A/mobile/App/app/build/intermediates/pre-dexed/debug/classes-b62527c644dd726c7179c137d514458e5423a4c1.jar /home/laure/aaa/4A/mobile/App/app/build/intermediates/pre-dexed/debug/classes-2a992903daa204d3871d4104cbdb6ea43abff2a8.jar /home/laure/aaa/4A/mobile/App/app/build/intermediates/pre-dexed/debug/library-2.4.0-cb26029aa9c19c83fb2d54c00259abb4646fde0b.jar /home/laure/aaa/4A/mobile/App/app/build/intermediates/pre-dexed/debug/classes-d234fe4fb36afddbd16321d1d4d08797026386d7.jar /home/laure/aaa/4A/mobile/App/app/build/intermediates/pre-dexed/debug/internal_impl-23.0.1-74cbb42a20c4f65947b4353a699cbaec76438d30.jar /home/laure/aaa/4A/mobile/App/app/build/intermediates/pre-dexed/debug/classes-0642653330892bb38244db01591d9addc2b3b2fe.jar /home/laure/aaa/4A/mobile/App/app/build/intermediates/pre-dexed/debug/classes-d0b99beadc57e27a7b08c5d54187b4f4f45f2bb9.jar /home/laure/aaa/4A/mobile/App/app/build/intermediates/pre-dexed/debug/classes-cf24104d6deff08e169c0722fb32d2ac6711ea2e.jar /home/laure/aaa/4A/mobile/App/app/build/intermediates/pre-dexed/debug/classes-0b57724cbaf17b6bbb3314828754b6d519c8a0e0.jar
Launcher Type: SUN_STANDARD

Environment Variables:
PATH=/opt/android-sdk-update-manager/tools:/home/laure/bin:/home/laure/bin:/usr/lib/lightdm/lightdm:/usr/local/sbin:/usr/local/bin:/usr/sbin:/usr/bin:/sbin:/bin:/usr/games
LD_LIBRARY_PATH=./aaa/libs/android-studio/bin:
SHELL=/bin/zsh
DISPLAY=:0

Signal Handlers:
SIGSEGV: [libjvm.so+0x9a3b20], sa_mask[0]=0x7ffbfeff, sa_flags=0x10000004
SIGBUS: [libjvm.so+0x9a3b20], sa_mask[0]=0x7ffbfeff, sa_flags=0x10000004
SIGFPE: [libjvm.so+0x81e740], sa_mask[0]=0x7ffbfeff, sa_flags=0x10000004
SIGPIPE: [libjvm.so+0x81e740], sa_mask[0]=0x7ffbfeff, sa_flags=0x10000004
SIGXFSZ: [libjvm.so+0x81e740], sa_mask[0]=0x7ffbfeff, sa_flags=0x10000004
SIGILL: [libjvm.so+0x81e740], sa_mask[0]=0x7ffbfeff, sa_flags=0x10000004
SIGUSR1: SIG_DFL, sa_mask[0]=0x00000000, sa_flags=0x00000000
SIGUSR2: [libjvm.so+0x81ffb0], sa_mask[0]=0x00000004, sa_flags=0x10000004
SIGHUP: [libjvm.so+0x8210d0], sa_mask[0]=0x7ffbfeff, sa_flags=0x10000004
SIGINT: [libjvm.so+0x8210d0], sa_mask[0]=0x7ffbfeff, sa_flags=0x10000004
SIGTERM: [libjvm.so+0x8210d0], sa_mask[0]=0x7ffbfeff, sa_flags=0x10000004
SIGQUIT: [libjvm.so+0x8210d0], sa_mask[0]=0x7ffbfeff, sa_flags=0x10000004


---------------  S Y S T E M  ---------------

OS:wheezy/sid

uname:Linux 3.2.0-94-generic #134-Ubuntu SMP Fri Nov 6 18:16:45 UTC 2015 x86_64
libc:glibc 2.15 NPTL 2.15 
rlimit: STACK 8192k, CORE 0k, NPROC 30653, NOFILE 4096, AS infinity
load average:1.07 0.73 0.58

/proc/meminfo:
MemTotal:        3941220 kB
MemFree:           90608 kB
Buffers:             484 kB
Cached:            80880 kB
SwapCached:            0 kB
Active:          3601004 kB
Inactive:          61608 kB
Active(anon):    3581988 kB
Inactive(anon):    39584 kB
Active(file):      19016 kB
Inactive(file):    22024 kB
Unevictable:          16 kB
Mlocked:              16 kB
SwapTotal:             0 kB
SwapFree:              0 kB
Dirty:               780 kB
Writeback:             0 kB
AnonPages:       3581568 kB
Mapped:            70268 kB
Shmem:             40708 kB
Slab:              62144 kB
SReclaimable:      26548 kB
SUnreclaim:        35596 kB
KernelStack:        5392 kB
PageTables:        46796 kB
NFS_Unstable:          0 kB
Bounce:                0 kB
WritebackTmp:          0 kB
CommitLimit:     1970608 kB
Committed_AS:    6906212 kB
VmallocTotal:   34359738367 kB
VmallocUsed:      358852 kB
VmallocChunk:   34359376348 kB
HardwareCorrupted:     0 kB
AnonHugePages:         0 kB
HugePages_Total:       0
HugePages_Free:        0
HugePages_Rsvd:        0
HugePages_Surp:        0
Hugepagesize:       2048 kB
DirectMap4k:       59964 kB
DirectMap2M:     4028416 kB


CPU:total 4 (2 cores per cpu, 2 threads per core) family 6 model 58 stepping 9, cmov, cx8, fxsr, mmx, sse, sse2, sse3, ssse3, sse4.1, sse4.2, popcnt, avx, aes, erms, ht, tsc, tscinvbit, tscinv

/proc/cpuinfo:
processor	: 0
vendor_id	: GenuineIntel
cpu family	: 6
model		: 58
model name	: Intel(R) Core(TM) i5-3337U CPU @ 1.80GHz
stepping	: 9
microcode	: 0x15
cpu MHz		: 1801.000
cache size	: 3072 KB
physical id	: 0
siblings	: 4
core id		: 0
cpu cores	: 2
apicid		: 0
initial apicid	: 0
fpu		: yes
fpu_exception	: yes
cpuid level	: 13
wp		: yes
flags		: fpu vme de pse tsc msr pae mce cx8 apic sep mtrr pge mca cmov pat pse36 clflush dts acpi mmx fxsr sse sse2 ss ht tm pbe syscall nx rdtscp lm constant_tsc arch_perfmon pebs bts rep_good nopl xtopology nonstop_tsc aperfmperf pni pclmulqdq dtes64 monitor ds_cpl vmx est tm2 ssse3 cx16 xtpr pdcm pcid sse4_1 sse4_2 x2apic popcnt tsc_deadline_timer aes xsave avx f16c rdrand lahf_lm ida arat epb xsaveopt pln pts dtherm tpr_shadow vnmi flexpriority ept vpid fsgsbase smep erms
bogomips	: 3592.12
clflush size	: 64
cache_alignment	: 64
address sizes	: 36 bits physical, 48 bits virtual
power management:

processor	: 1
vendor_id	: GenuineIntel
cpu family	: 6
model		: 58
model name	: Intel(R) Core(TM) i5-3337U CPU @ 1.80GHz
stepping	: 9
microcode	: 0x15
cpu MHz		: 774.000
cache size	: 3072 KB
physical id	: 0
siblings	: 4
core id		: 0
cpu cores	: 2
apicid		: 1
initial apicid	: 1
fpu		: yes
fpu_exception	: yes
cpuid level	: 13
wp		: yes
flags		: fpu vme de pse tsc msr pae mce cx8 apic sep mtrr pge mca cmov pat pse36 clflush dts acpi mmx fxsr sse sse2 ss ht tm pbe syscall nx rdtscp lm constant_tsc arch_perfmon pebs bts rep_good nopl xtopology nonstop_tsc aperfmperf pni pclmulqdq dtes64 monitor ds_cpl vmx est tm2 ssse3 cx16 xtpr pdcm pcid sse4_1 sse4_2 x2apic popcnt tsc_deadline_timer aes xsave avx f16c rdrand lahf_lm ida arat epb xsaveopt pln pts dtherm tpr_shadow vnmi flexpriority ept vpid fsgsbase smep erms
bogomips	: 3591.68
clflush size	: 64
cache_alignment	: 64
address sizes	: 36 bits physical, 48 bits virtual
power management:

processor	: 2
vendor_id	: GenuineIntel
cpu family	: 6
model		: 58
model name	: Intel(R) Core(TM) i5-3337U CPU @ 1.80GHz
stepping	: 9
microcode	: 0x15
cpu MHz		: 774.000
cache size	: 3072 KB
physical id	: 0
siblings	: 4
core id		: 1
cpu cores	: 2
apicid		: 2
initial apicid	: 2
fpu		: yes
fpu_exception	: yes
cpuid level	: 13
wp		: yes
flags		: fpu vme de pse tsc msr pae mce cx8 apic sep mtrr pge mca cmov pat pse36 clflush dts acpi mmx fxsr sse sse2 ss ht tm pbe syscall nx rdtscp lm constant_tsc arch_perfmon pebs bts rep_good nopl xtopology nonstop_tsc aperfmperf pni pclmulqdq dtes64 monitor ds_cpl vmx est tm2 ssse3 cx16 xtpr pdcm pcid sse4_1 sse4_2 x2apic popcnt tsc_deadline_timer aes xsave avx f16c rdrand lahf_lm ida arat epb xsaveopt pln pts dtherm tpr_shadow vnmi flexpriority ept vpid fsgsbase smep erms
bogomips	: 3591.69
clflush size	: 64
cache_alignment	: 64
address sizes	: 36 bits physical, 48 bits virtual
power management:

processor	: 3
vendor_id	: GenuineIntel
cpu family	: 6
model		: 58
model name	: Intel(R) Core(TM) i5-3337U CPU @ 1.80GHz
stepping	: 9
microcode	: 0x15
cpu MHz		: 1801.000
cache size	: 3072 KB
physical id	: 0
siblings	: 4
core id		: 1
cpu cores	: 2
apicid		: 3
initial apicid	: 3
fpu		: yes
fpu_exception	: yes
cpuid level	: 13
wp		: yes
flags		: fpu vme de pse tsc msr pae mce cx8 apic sep mtrr pge mca cmov pat pse36 clflush dts acpi mmx fxsr sse sse2 ss ht tm pbe syscall nx rdtscp lm constant_tsc arch_perfmon pebs bts rep_good nopl xtopology nonstop_tsc aperfmperf pni pclmulqdq dtes64 monitor ds_cpl vmx est tm2 ssse3 cx16 xtpr pdcm pcid sse4_1 sse4_2 x2apic popcnt tsc_deadline_timer aes xsave avx f16c rdrand lahf_lm ida arat epb xsaveopt pln pts dtherm tpr_shadow vnmi flexpriority ept vpid fsgsbase smep erms
bogomips	: 3591.68
clflush size	: 64
cache_alignment	: 64
address sizes	: 36 bits physical, 48 bits virtual
power management:



Memory: 4k page, physical 3941220k(90608k free), swap 0k(0k free)

vm_info: Java HotSpot(TM) 64-Bit Server VM (24.80-b11) for linux-amd64 JRE (1.7.0_80-b15), built on Apr 10 2015 19:53:14 by "java_re" with gcc 4.3.0 20080428 (Red Hat 4.3.0-8)

time: Mon Dec 28 00:18:41 2015
elapsed time: 2 seconds

